{"meta": {"format": 3, "version": "7.12.0", "timestamp": "2025-11-30T03:39:25.460416", "branch_coverage": false, "show_contexts": false}, "files": {"qbittorrent_monitor\\__init__.py": {"executed_lines": [1, 8, 18, 19], "summary": {"covered_lines": 3, "num_statements": 3, "percent_covered": 100.0, "percent_covered_display": "100", "missing_lines": 0, "excluded_lines": 0, "percent_statements_covered": 100.0, "percent_statements_covered_display": "100"}, "missing_lines": [], "excluded_lines": [], "functions": {"": {"executed_lines": [1, 8, 18, 19], "summary": {"covered_lines": 3, "num_statements": 3, "percent_covered": 100.0, "percent_covered_display": "100", "missing_lines": 0, "excluded_lines": 0, "percent_statements_covered": 100.0, "percent_statements_covered_display": "100"}, "missing_lines": [], "excluded_lines": []}}, "classes": {"": {"executed_lines": [1, 8, 18, 19], "summary": {"covered_lines": 3, "num_statements": 3, "percent_covered": 100.0, "percent_covered_display": "100", "missing_lines": 0, "excluded_lines": 0, "percent_statements_covered": 100.0, "percent_statements_covered_display": "100"}, "missing_lines": [], "excluded_lines": []}}}, "qbittorrent_monitor\\__version__.py": {"executed_lines": [1, 6, 7, 10, 11, 12, 13, 16, 17, 18, 21, 23, 25, 26, 28, 30, 32, 44, 52], "summary": {"covered_lines": 18, "num_statements": 22, "percent_covered": 81.81818181818181, "percent_covered_display": "82", "missing_lines": 4, "excluded_lines": 0, "percent_statements_covered": 81.81818181818181, "percent_statements_covered_display": "82"}, "missing_lines": [27, 46, 48, 49], "excluded_lines": [], "functions": {"get_version_string": {"executed_lines": [25, 26, 28], "summary": {"covered_lines": 3, "num_statements": 4, "percent_covered": 75.0, "percent_covered_display": "75", "missing_lines": 1, "excluded_lines": 0, "percent_statements_covered": 75.0, "percent_statements_covered_display": "75"}, "missing_lines": [27], "excluded_lines": []}, "get_version_info": {"executed_lines": [32], "summary": {"covered_lines": 1, "num_statements": 1, "percent_covered": 100.0, "percent_covered_display": "100", "missing_lines": 0, "excluded_lines": 0, "percent_statements_covered": 100.0, "percent_statements_covered_display": "100"}, "missing_lines": [], "excluded_lines": []}, "is_compatible": {"executed_lines": [], "summary": {"covered_lines": 0, "num_statements": 3, "percent_covered": 0.0, "percent_covered_display": "0", "missing_lines": 3, "excluded_lines": 0, "percent_statements_covered": 0.0, "percent_statements_covered_display": "0"}, "missing_lines": [46, 48, 49], "excluded_lines": []}, "": {"executed_lines": [1, 6, 7, 10, 11, 12, 13, 16, 17, 18, 21, 23, 30, 44, 52], "summary": {"covered_lines": 14, "num_statements": 14, "percent_covered": 100.0, "percent_covered_display": "100", "missing_lines": 0, "excluded_lines": 0, "percent_statements_covered": 100.0, "percent_statements_covered_display": "100"}, "missing_lines": [], "excluded_lines": []}}, "classes": {"": {"executed_lines": [1, 6, 7, 10, 11, 12, 13, 16, 17, 18, 21, 23, 25, 26, 28, 30, 32, 44, 52], "summary": {"covered_lines": 18, "num_statements": 22, "percent_covered": 81.81818181818181, "percent_covered_display": "82", "missing_lines": 4, "excluded_lines": 0, "percent_statements_covered": 81.81818181818181, "percent_statements_covered_display": "82"}, "missing_lines": [27, 46, 48, 49], "excluded_lines": []}}}, "qbittorrent_monitor\\ai\\__init__.py": {"executed_lines": [], "summary": {"covered_lines": 0, "num_statements": 17, "percent_covered": 0.0, "percent_covered_display": "0", "missing_lines": 17, "excluded_lines": 0, "percent_statements_covered": 0.0, "percent_statements_covered_display": "0"}, "missing_lines": [8, 9, 10, 11, 12, 13, 14, 15, 16, 17, 18, 19, 20, 21, 22, 23, 24], "excluded_lines": [], "functions": {"__getattr__": {"executed_lines": [], "summary": {"covered_lines": 0, "num_statements": 16, "percent_covered": 0.0, "percent_covered_display": "0", "missing_lines": 16, "excluded_lines": 0, "percent_statements_covered": 0.0, "percent_statements_covered_display": "0"}, "missing_lines": [9, 10, 11, 12, 13, 14, 15, 16, 17, 18, 19, 20, 21, 22, 23, 24], "excluded_lines": []}, "": {"executed_lines": [], "summary": {"covered_lines": 0, "num_statements": 1, "percent_covered": 0.0, "percent_covered_display": "0", "missing_lines": 1, "excluded_lines": 0, "percent_statements_covered": 0.0, "percent_statements_covered_display": "0"}, "missing_lines": [8], "excluded_lines": []}}, "classes": {"": {"executed_lines": [], "summary": {"covered_lines": 0, "num_statements": 17, "percent_covered": 0.0, "percent_covered_display": "0", "missing_lines": 17, "excluded_lines": 0, "percent_statements_covered": 0.0, "percent_statements_covered_display": "0"}, "missing_lines": [8, 9, 10, 11, 12, 13, 14, 15, 16, 17, 18, 19, 20, 21, 22, 23, 24], "excluded_lines": []}}}, "qbittorrent_monitor\\ai_classifier.py": {"executed_lines": [1, 11, 12, 13, 14, 15, 16, 17, 18, 19, 20, 21, 22, 29, 30, 32, 33, 34, 40, 41, 43, 44, 45, 48, 49, 77, 82, 91, 100, 104, 112, 121, 122, 126, 165, 189, 204, 205, 207, 208, 243, 252, 256, 260, 264, 270, 321, 327, 411, 444, 474, 480, 486, 506, 599, 629, 658, 660, 662, 664, 665, 668, 669, 671, 719, 729, 738, 742, 746, 750, 754, 794, 800, 822, 843, 874, 906, 934, 943, 944, 946, 947, 958, 959, 961, 962], "summary": {"covered_lines": 80, "num_statements": 504, "percent_covered": 15.873015873015873, "percent_covered_display": "16", "missing_lines": 424, "excluded_lines": 0, "percent_statements_covered": 15.873015873015873, "percent_statements_covered_display": "16"}, "missing_lines": [55, 58, 71, 74, 75, 79, 80, 85, 89, 93, 94, 95, 96, 97, 98, 102, 106, 107, 108, 109, 110, 114, 115, 116, 119, 124, 128, 129, 131, 132, 133, 136, 137, 139, 140, 141, 142, 145, 148, 150, 152, 153, 154, 155, 156, 159, 160, 161, 167, 168, 170, 172, 174, 175, 176, 179, 180, 181, 183, 184, 186, 187, 191, 193, 194, 197, 198, 200, 201, 209, 210, 211, 212, 215, 217, 223, 224, 226, 227, 233, 235, 236, 237, 238, 239, 241, 245, 246, 248, 249, 250, 254, 258, 262, 266, 272, 273, 274, 277, 278, 279, 280, 282, 284, 286, 289, 290, 292, 293, 294, 296, 297, 298, 300, 301, 302, 303, 304, 305, 306, 307, 308, 309, 312, 313, 314, 316, 317, 319, 329, 330, 332, 333, 349, 350, 351, 352, 353, 354, 355, 356, 357, 358, 359, 361, 362, 363, 364, 379, 380, 382, 383, 385, 386, 387, 388, 389, 391, 393, 395, 396, 397, 398, 399, 400, 401, 402, 403, 405, 406, 407, 408, 409, 414, 420, 421, 422, 423, 424, 425, 426, 427, 430, 431, 432, 433, 434, 435, 437, 446, 447, 458, 459, 461, 462, 463, 464, 465, 466, 467, 468, 470, 472, 482, 483, 484, 488, 491, 492, 493, 494, 497, 498, 501, 502, 504, 508, 509, 511, 512, 513, 514, 515, 516, 517, 518, 519, 521, 522, 523, 525, 558, 560, 561, 562, 564, 565, 566, 567, 568, 569, 570, 571, 572, 574, 575, 576, 577, 578, 579, 580, 581, 582, 583, 584, 585, 586, 587, 588, 590, 591, 592, 593, 595, 596, 601, 602, 604, 605, 606, 607, 609, 610, 611, 612, 613, 615, 617, 618, 619, 620, 622, 625, 627, 631, 632, 634, 636, 638, 639, 640, 641, 642, 643, 646, 647, 650, 652, 653, 655, 656, 663, 672, 673, 676, 677, 680, 681, 682, 687, 688, 689, 690, 692, 693, 695, 698, 705, 714, 717, 721, 722, 724, 725, 726, 727, 730, 731, 732, 733, 734, 735, 736, 740, 744, 748, 752, 756, 757, 758, 761, 762, 763, 766, 767, 768, 770, 771, 773, 775, 778, 779, 780, 781, 783, 785, 787, 788, 789, 791, 792, 802, 804, 805, 806, 811, 813, 814, 816, 818, 819, 820, 824, 825, 826, 827, 828, 829, 831, 841, 845, 846, 848, 849, 860, 861, 863, 865, 866, 867, 868, 869, 870, 871, 872, 876, 878, 904, 908, 909, 911, 913, 915, 916, 917, 918, 919, 920, 923, 926, 928, 929, 931, 932, 936, 938, 939, 940, 949, 950, 951, 952, 954, 963], "excluded_lines": [], "functions": {"BaseAIClassifier.__init__": {"executed_lines": [44, 45, 48, 49], "summary": {"covered_lines": 4, "num_statements": 9, "percent_covered": 44.44444444444444, "percent_covered_display": "44", "missing_lines": 5, "excluded_lines": 0, "percent_statements_covered": 44.44444444444444, "percent_statements_covered_display": "44"}, "missing_lines": [55, 58, 71, 74, 75], "excluded_lines": []}, "BaseAIClassifier._get_cache_key": {"executed_lines": [], "summary": {"covered_lines": 0, "num_statements": 2, "percent_covered": 0.0, "percent_covered_display": "0", "missing_lines": 2, "excluded_lines": 0, "percent_statements_covered": 0.0, "percent_statements_covered_display": "0"}, "missing_lines": [79, 80], "excluded_lines": []}, "BaseAIClassifier._get_categories_hash": {"executed_lines": [], "summary": {"covered_lines": 0, "num_statements": 2, "percent_covered": 0.0, "percent_covered_display": "0", "missing_lines": 2, "excluded_lines": 0, "percent_statements_covered": 0.0, "percent_statements_covered_display": "0"}, "missing_lines": [85, 89], "excluded_lines": []}, "BaseAIClassifier._get_from_cache": {"executed_lines": [], "summary": {"covered_lines": 0, "num_statements": 6, "percent_covered": 0.0, "percent_covered_display": "0", "missing_lines": 6, "excluded_lines": 0, "percent_statements_covered": 0.0, "percent_statements_covered_display": "0"}, "missing_lines": [93, 94, 95, 96, 97, 98], "excluded_lines": []}, "BaseAIClassifier._put_to_cache": {"executed_lines": [], "summary": {"covered_lines": 0, "num_statements": 1, "percent_covered": 0.0, "percent_covered_display": "0", "missing_lines": 1, "excluded_lines": 0, "percent_statements_covered": 0.0, "percent_statements_covered_display": "0"}, "missing_lines": [102], "excluded_lines": []}, "BaseAIClassifier._check_rate_limit": {"executed_lines": [], "summary": {"covered_lines": 0, "num_statements": 5, "percent_covered": 0.0, "percent_covered_display": "0", "missing_lines": 5, "excluded_lines": 0, "percent_statements_covered": 0.0, "percent_statements_covered_display": "0"}, "missing_lines": [106, 107, 108, 109, 110], "excluded_lines": []}, "BaseAIClassifier.get_stats": {"executed_lines": [], "summary": {"covered_lines": 0, "num_statements": 4, "percent_covered": 0.0, "percent_covered_display": "0", "missing_lines": 4, "excluded_lines": 0, "percent_statements_covered": 0.0, "percent_statements_covered_display": "0"}, "missing_lines": [114, 115, 116, 119], "excluded_lines": []}, "BaseAIClassifier.classify": {"executed_lines": [], "summary": {"covered_lines": 0, "num_statements": 1, "percent_covered": 0.0, "percent_covered_display": "0", "missing_lines": 1, "excluded_lines": 0, "percent_statements_covered": 0.0, "percent_statements_covered_display": "0"}, "missing_lines": [124], "excluded_lines": []}, "BaseAIClassifier.classify_with_cache": {"executed_lines": [], "summary": {"covered_lines": 0, "num_statements": 22, "percent_covered": 0.0, "percent_covered_display": "0", "missing_lines": 22, "excluded_lines": 0, "percent_statements_covered": 0.0, "percent_statements_covered_display": "0"}, "missing_lines": [128, 129, 131, 132, 133, 136, 137, 139, 140, 141, 142, 145, 148, 150, 152, 153, 154, 155, 156, 159, 160, 161], "excluded_lines": []}, "BaseAIClassifier.cleanup": {"executed_lines": [], "summary": {"covered_lines": 0, "num_statements": 14, "percent_covered": 0.0, "percent_covered_display": "0", "missing_lines": 14, "excluded_lines": 0, "percent_statements_covered": 0.0, "percent_statements_covered_display": "0"}, "missing_lines": [167, 168, 170, 172, 174, 175, 176, 179, 180, 181, 183, 184, 186, 187], "excluded_lines": []}, "BaseAIClassifier.__del__": {"executed_lines": [], "summary": {"covered_lines": 0, "num_statements": 7, "percent_covered": 0.0, "percent_covered_display": "0", "missing_lines": 7, "excluded_lines": 0, "percent_statements_covered": 0.0, "percent_statements_covered_display": "0"}, "missing_lines": [191, 193, 194, 197, 198, 200, 201], "excluded_lines": []}, "DeepSeekClassifier.__init__": {"executed_lines": [208], "summary": {"covered_lines": 1, "num_statements": 18, "percent_covered": 5.555555555555555, "percent_covered_display": "6", "missing_lines": 17, "excluded_lines": 0, "percent_statements_covered": 5.555555555555555, "percent_statements_covered_display": "6"}, "missing_lines": [209, 210, 211, 212, 215, 217, 223, 224, 226, 227, 233, 235, 236, 237, 238, 239, 241], "excluded_lines": []}, "DeepSeekClassifier._get_next_client": {"executed_lines": [], "summary": {"covered_lines": 0, "num_statements": 5, "percent_covered": 0.0, "percent_covered_display": "0", "missing_lines": 5, "excluded_lines": 0, "percent_statements_covered": 0.0, "percent_statements_covered_display": "0"}, "missing_lines": [245, 246, 248, 249, 250], "excluded_lines": []}, "DeepSeekClassifier._check_circuit_breaker": {"executed_lines": [], "summary": {"covered_lines": 0, "num_statements": 1, "percent_covered": 0.0, "percent_covered_display": "0", "missing_lines": 1, "excluded_lines": 0, "percent_statements_covered": 0.0, "percent_statements_covered_display": "0"}, "missing_lines": [254], "excluded_lines": []}, "DeepSeekClassifier._record_success": {"executed_lines": [], "summary": {"covered_lines": 0, "num_statements": 1, "percent_covered": 0.0, "percent_covered_display": "0", "missing_lines": 1, "excluded_lines": 0, "percent_statements_covered": 0.0, "percent_statements_covered_display": "0"}, "missing_lines": [258], "excluded_lines": []}, "DeepSeekClassifier._record_failure": {"executed_lines": [], "summary": {"covered_lines": 0, "num_statements": 1, "percent_covered": 0.0, "percent_covered_display": "0", "missing_lines": 1, "excluded_lines": 0, "percent_statements_covered": 0.0, "percent_statements_covered_display": "0"}, "missing_lines": [262], "excluded_lines": []}, "DeepSeekClassifier._is_available": {"executed_lines": [], "summary": {"covered_lines": 0, "num_statements": 1, "percent_covered": 0.0, "percent_covered_display": "0", "missing_lines": 1, "excluded_lines": 0, "percent_statements_covered": 0.0, "percent_statements_covered_display": "0"}, "missing_lines": [266], "excluded_lines": []}, "DeepSeekClassifier.classify": {"executed_lines": [], "summary": {"covered_lines": 0, "num_statements": 34, "percent_covered": 0.0, "percent_covered_display": "0", "missing_lines": 34, "excluded_lines": 0, "percent_statements_covered": 0.0, "percent_statements_covered_display": "0"}, "missing_lines": [272, 273, 274, 277, 278, 279, 280, 282, 284, 286, 289, 290, 292, 293, 294, 296, 297, 298, 300, 301, 302, 303, 304, 305, 306, 307, 308, 309, 312, 313, 314, 316, 317, 319], "excluded_lines": []}, "DeepSeekClassifier._classify_with_retry": {"executed_lines": [], "summary": {"covered_lines": 0, "num_statements": 32, "percent_covered": 0.0, "percent_covered_display": "0", "missing_lines": 32, "excluded_lines": 0, "percent_statements_covered": 0.0, "percent_statements_covered_display": "0"}, "missing_lines": [329, 330, 332, 361, 362, 363, 364, 379, 380, 382, 383, 385, 386, 387, 388, 389, 391, 393, 395, 396, 397, 398, 399, 400, 401, 402, 403, 405, 406, 407, 408, 409], "excluded_lines": []}, "DeepSeekClassifier._classify_with_retry._stream_completion": {"executed_lines": [], "summary": {"covered_lines": 0, "num_statements": 12, "percent_covered": 0.0, "percent_covered_display": "0", "missing_lines": 12, "excluded_lines": 0, "percent_statements_covered": 0.0, "percent_statements_covered_display": "0"}, "missing_lines": [333, 349, 350, 351, 352, 353, 354, 355, 356, 357, 358, 359], "excluded_lines": []}, "DeepSeekClassifier._build_prompt": {"executed_lines": [], "summary": {"covered_lines": 0, "num_statements": 16, "percent_covered": 0.0, "percent_covered_display": "0", "missing_lines": 16, "excluded_lines": 0, "percent_statements_covered": 0.0, "percent_statements_covered_display": "0"}, "missing_lines": [414, 420, 421, 422, 423, 424, 425, 426, 427, 430, 431, 432, 433, 434, 435, 437], "excluded_lines": []}, "DeepSeekClassifier._make_api_call_with_client": {"executed_lines": [], "summary": {"covered_lines": 0, "num_statements": 14, "percent_covered": 0.0, "percent_covered_display": "0", "missing_lines": 14, "excluded_lines": 0, "percent_statements_covered": 0.0, "percent_statements_covered_display": "0"}, "missing_lines": [446, 447, 458, 459, 461, 462, 463, 464, 465, 466, 467, 468, 470, 472], "excluded_lines": []}, "DeepSeekClassifier._make_api_call": {"executed_lines": [], "summary": {"covered_lines": 0, "num_statements": 3, "percent_covered": 0.0, "percent_covered_display": "0", "missing_lines": 3, "excluded_lines": 0, "percent_statements_covered": 0.0, "percent_statements_covered_display": "0"}, "missing_lines": [482, 483, 484], "excluded_lines": []}, "DeepSeekClassifier.get_performance_stats": {"executed_lines": [], "summary": {"covered_lines": 0, "num_statements": 10, "percent_covered": 0.0, "percent_covered_display": "0", "missing_lines": 10, "excluded_lines": 0, "percent_statements_covered": 0.0, "percent_statements_covered_display": "0"}, "missing_lines": [488, 491, 492, 493, 494, 497, 498, 501, 502, 504], "excluded_lines": []}, "DeepSeekClassifier._rule_based_classify": {"executed_lines": [], "summary": {"covered_lines": 0, "num_statements": 47, "percent_covered": 0.0, "percent_covered_display": "0", "missing_lines": 47, "excluded_lines": 0, "percent_statements_covered": 0.0, "percent_statements_covered_display": "0"}, "missing_lines": [508, 509, 511, 512, 513, 514, 515, 516, 517, 518, 519, 521, 522, 523, 525, 558, 560, 564, 565, 566, 567, 568, 569, 570, 571, 572, 574, 575, 576, 577, 578, 579, 580, 581, 582, 583, 584, 585, 586, 587, 588, 590, 591, 592, 593, 595, 596], "excluded_lines": []}, "DeepSeekClassifier._rule_based_classify.add_score": {"executed_lines": [], "summary": {"covered_lines": 0, "num_statements": 2, "percent_covered": 0.0, "percent_covered_display": "0", "missing_lines": 2, "excluded_lines": 0, "percent_statements_covered": 0.0, "percent_statements_covered_display": "0"}, "missing_lines": [561, 562], "excluded_lines": []}, "DeepSeekClassifier._apply_rule": {"executed_lines": [], "summary": {"covered_lines": 0, "num_statements": 19, "percent_covered": 0.0, "percent_covered_display": "0", "missing_lines": 19, "excluded_lines": 0, "percent_statements_covered": 0.0, "percent_statements_covered_display": "0"}, "missing_lines": [601, 602, 604, 605, 606, 607, 609, 610, 611, 612, 613, 615, 617, 618, 619, 620, 622, 625, 627], "excluded_lines": []}, "DeepSeekClassifier.cleanup": {"executed_lines": [], "summary": {"covered_lines": 0, "num_statements": 17, "percent_covered": 0.0, "percent_covered_display": "0", "missing_lines": 17, "excluded_lines": 0, "percent_statements_covered": 0.0, "percent_statements_covered_display": "0"}, "missing_lines": [631, 632, 634, 636, 638, 639, 640, 641, 642, 643, 646, 647, 650, 652, 653, 655, 656], "excluded_lines": []}, "DeepSeekClassifier.__del__": {"executed_lines": [660, 662, 664, 665], "summary": {"covered_lines": 4, "num_statements": 5, "percent_covered": 80.0, "percent_covered_display": "80", "missing_lines": 1, "excluded_lines": 0, "percent_statements_covered": 80.0, "percent_statements_covered_display": "80"}, "missing_lines": [663], "excluded_lines": []}, "OpenAIClassifier.__init__": {"executed_lines": [], "summary": {"covered_lines": 0, "num_statements": 18, "percent_covered": 0.0, "percent_covered_display": "0", "missing_lines": 18, "excluded_lines": 0, "percent_statements_covered": 0.0, "percent_statements_covered_display": "0"}, "missing_lines": [672, 673, 676, 677, 680, 681, 682, 687, 688, 689, 690, 692, 693, 695, 698, 705, 714, 717], "excluded_lines": []}, "OpenAIClassifier._get_next_client": {"executed_lines": [], "summary": {"covered_lines": 0, "num_statements": 6, "percent_covered": 0.0, "percent_covered_display": "0", "missing_lines": 6, "excluded_lines": 0, "percent_statements_covered": 0.0, "percent_statements_covered_display": "0"}, "missing_lines": [721, 722, 724, 725, 726, 727], "excluded_lines": []}, "OpenAIClassifier._on_cb_state_change": {"executed_lines": [], "summary": {"covered_lines": 0, "num_statements": 7, "percent_covered": 0.0, "percent_covered_display": "0", "missing_lines": 7, "excluded_lines": 0, "percent_statements_covered": 0.0, "percent_statements_covered_display": "0"}, "missing_lines": [730, 731, 732, 733, 734, 735, 736], "excluded_lines": []}, "OpenAIClassifier._check_circuit_breaker": {"executed_lines": [], "summary": {"covered_lines": 0, "num_statements": 1, "percent_covered": 0.0, "percent_covered_display": "0", "missing_lines": 1, "excluded_lines": 0, "percent_statements_covered": 0.0, "percent_statements_covered_display": "0"}, "missing_lines": [740], "excluded_lines": []}, "OpenAIClassifier._record_success": {"executed_lines": [], "summary": {"covered_lines": 0, "num_statements": 1, "percent_covered": 0.0, "percent_covered_display": "0", "missing_lines": 1, "excluded_lines": 0, "percent_statements_covered": 0.0, "percent_statements_covered_display": "0"}, "missing_lines": [744], "excluded_lines": []}, "OpenAIClassifier._record_failure": {"executed_lines": [], "summary": {"covered_lines": 0, "num_statements": 1, "percent_covered": 0.0, "percent_covered_display": "0", "missing_lines": 1, "excluded_lines": 0, "percent_statements_covered": 0.0, "percent_statements_covered_display": "0"}, "missing_lines": [748], "excluded_lines": []}, "OpenAIClassifier._is_available": {"executed_lines": [], "summary": {"covered_lines": 0, "num_statements": 1, "percent_covered": 0.0, "percent_covered_display": "0", "missing_lines": 1, "excluded_lines": 0, "percent_statements_covered": 0.0, "percent_statements_covered_display": "0"}, "missing_lines": [752], "excluded_lines": []}, "OpenAIClassifier.classify": {"executed_lines": [], "summary": {"covered_lines": 0, "num_statements": 24, "percent_covered": 0.0, "percent_covered_display": "0", "missing_lines": 24, "excluded_lines": 0, "percent_statements_covered": 0.0, "percent_statements_covered_display": "0"}, "missing_lines": [756, 757, 758, 761, 762, 763, 766, 767, 768, 770, 771, 773, 775, 778, 779, 780, 781, 783, 785, 787, 788, 789, 791, 792], "excluded_lines": []}, "OpenAIClassifier._classify_with_retry": {"executed_lines": [], "summary": {"covered_lines": 0, "num_statements": 11, "percent_covered": 0.0, "percent_covered_display": "0", "missing_lines": 11, "excluded_lines": 0, "percent_statements_covered": 0.0, "percent_statements_covered_display": "0"}, "missing_lines": [802, 804, 805, 806, 811, 813, 814, 816, 818, 819, 820], "excluded_lines": []}, "OpenAIClassifier._build_prompt": {"executed_lines": [], "summary": {"covered_lines": 0, "num_statements": 8, "percent_covered": 0.0, "percent_covered_display": "0", "missing_lines": 8, "excluded_lines": 0, "percent_statements_covered": 0.0, "percent_statements_covered_display": "0"}, "missing_lines": [824, 825, 826, 827, 828, 829, 831, 841], "excluded_lines": []}, "OpenAIClassifier._make_api_call_with_client": {"executed_lines": [], "summary": {"covered_lines": 0, "num_statements": 15, "percent_covered": 0.0, "percent_covered_display": "0", "missing_lines": 15, "excluded_lines": 0, "percent_statements_covered": 0.0, "percent_statements_covered_display": "0"}, "missing_lines": [845, 846, 848, 849, 860, 861, 863, 865, 866, 867, 868, 869, 870, 871, 872], "excluded_lines": []}, "OpenAIClassifier.get_performance_stats": {"executed_lines": [], "summary": {"covered_lines": 0, "num_statements": 3, "percent_covered": 0.0, "percent_covered_display": "0", "missing_lines": 3, "excluded_lines": 0, "percent_statements_covered": 0.0, "percent_statements_covered_display": "0"}, "missing_lines": [876, 878, 904], "excluded_lines": []}, "OpenAIClassifier.cleanup": {"executed_lines": [], "summary": {"covered_lines": 0, "num_statements": 16, "percent_covered": 0.0, "percent_covered_display": "0", "missing_lines": 16, "excluded_lines": 0, "percent_statements_covered": 0.0, "percent_statements_covered_display": "0"}, "missing_lines": [908, 909, 911, 913, 915, 916, 917, 918, 919, 920, 923, 926, 928, 929, 931, 932], "excluded_lines": []}, "OpenAIClassifier.__del__": {"executed_lines": [], "summary": {"covered_lines": 0, "num_statements": 4, "percent_covered": 0.0, "percent_covered_display": "0", "missing_lines": 4, "excluded_lines": 0, "percent_statements_covered": 0.0, "percent_statements_covered_display": "0"}, "missing_lines": [936, 938, 939, 940], "excluded_lines": []}, "AIClassifierFactory.create_classifier": {"executed_lines": [], "summary": {"covered_lines": 0, "num_statements": 5, "percent_covered": 0.0, "percent_covered_display": "0", "missing_lines": 5, "excluded_lines": 0, "percent_statements_covered": 0.0, "percent_statements_covered_display": "0"}, "missing_lines": [949, 950, 951, 952, 954], "excluded_lines": []}, "AIClassifier.__init__": {"executed_lines": [962], "summary": {"covered_lines": 1, "num_statements": 2, "percent_covered": 50.0, "percent_covered_display": "50", "missing_lines": 1, "excluded_lines": 0, "percent_statements_covered": 50.0, "percent_statements_covered_display": "50"}, "missing_lines": [963], "excluded_lines": []}, "": {"executed_lines": [1, 11, 12, 13, 14, 15, 16, 17, 18, 19, 20, 21, 22, 29, 30, 32, 33, 34, 40, 41, 43, 77, 82, 91, 100, 104, 112, 121, 122, 126, 165, 189, 204, 205, 207, 243, 252, 256, 260, 264, 270, 321, 327, 411, 444, 474, 480, 486, 506, 599, 629, 658, 668, 669, 671, 719, 729, 738, 742, 746, 750, 754, 794, 800, 822, 843, 874, 906, 934, 943, 944, 946, 947, 958, 959, 961], "summary": {"covered_lines": 70, "num_statements": 70, "percent_covered": 100.0, "percent_covered_display": "100", "missing_lines": 0, "excluded_lines": 0, "percent_statements_covered": 100.0, "percent_statements_covered_display": "100"}, "missing_lines": [], "excluded_lines": []}}, "classes": {"BaseAIClassifier": {"executed_lines": [44, 45, 48, 49], "summary": {"covered_lines": 4, "num_statements": 73, "percent_covered": 5.47945205479452, "percent_covered_display": "5", "missing_lines": 69, "excluded_lines": 0, "percent_statements_covered": 5.47945205479452, "percent_statements_covered_display": "5"}, "missing_lines": [55, 58, 71, 74, 75, 79, 80, 85, 89, 93, 94, 95, 96, 97, 98, 102, 106, 107, 108, 109, 110, 114, 115, 116, 119, 124, 128, 129, 131, 132, 133, 136, 137, 139, 140, 141, 142, 145, 148, 150, 152, 153, 154, 155, 156, 159, 160, 161, 167, 168, 170, 172, 174, 175, 176, 179, 180, 181, 183, 184, 186, 187, 191, 193, 194, 197, 198, 200, 201], "excluded_lines": []}, "DeepSeekClassifier": {"executed_lines": [208, 660, 662, 664, 665], "summary": {"covered_lines": 5, "num_statements": 238, "percent_covered": 2.100840336134454, "percent_covered_display": "2", "missing_lines": 233, "excluded_lines": 0, "percent_statements_covered": 2.100840336134454, "percent_statements_covered_display": "2"}, "missing_lines": [209, 210, 211, 212, 215, 217, 223, 224, 226, 227, 233, 235, 236, 237, 238, 239, 241, 245, 246, 248, 249, 250, 254, 258, 262, 266, 272, 273, 274, 277, 278, 279, 280, 282, 284, 286, 289, 290, 292, 293, 294, 296, 297, 298, 300, 301, 302, 303, 304, 305, 306, 307, 308, 309, 312, 313, 314, 316, 317, 319, 329, 330, 332, 333, 349, 350, 351, 352, 353, 354, 355, 356, 357, 358, 359, 361, 362, 363, 364, 379, 380, 382, 383, 385, 386, 387, 388, 389, 391, 393, 395, 396, 397, 398, 399, 400, 401, 402, 403, 405, 406, 407, 408, 409, 414, 420, 421, 422, 423, 424, 425, 426, 427, 430, 431, 432, 433, 434, 435, 437, 446, 447, 458, 459, 461, 462, 463, 464, 465, 466, 467, 468, 470, 472, 482, 483, 484, 488, 491, 492, 493, 494, 497, 498, 501, 502, 504, 508, 509, 511, 512, 513, 514, 515, 516, 517, 518, 519, 521, 522, 523, 525, 558, 560, 561, 562, 564, 565, 566, 567, 568, 569, 570, 571, 572, 574, 575, 576, 577, 578, 579, 580, 581, 582, 583, 584, 585, 586, 587, 588, 590, 591, 592, 593, 595, 596, 601, 602, 604, 605, 606, 607, 609, 610, 611, 612, 613, 615, 617, 618, 619, 620, 622, 625, 627, 631, 632, 634, 636, 638, 639, 640, 641, 642, 643, 646, 647, 650, 652, 653, 655, 656, 663], "excluded_lines": []}, "OpenAIClassifier": {"executed_lines": [], "summary": {"covered_lines": 0, "num_statements": 116, "percent_covered": 0.0, "percent_covered_display": "0", "missing_lines": 116, "excluded_lines": 0, "percent_statements_covered": 0.0, "percent_statements_covered_display": "0"}, "missing_lines": [672, 673, 676, 677, 680, 681, 682, 687, 688, 689, 690, 692, 693, 695, 698, 705, 714, 717, 721, 722, 724, 725, 726, 727, 730, 731, 732, 733, 734, 735, 736, 740, 744, 748, 752, 756, 757, 758, 761, 762, 763, 766, 767, 768, 770, 771, 773, 775, 778, 779, 780, 781, 783, 785, 787, 788, 789, 791, 792, 802, 804, 805, 806, 811, 813, 814, 816, 818, 819, 820, 824, 825, 826, 827, 828, 829, 831, 841, 845, 846, 848, 849, 860, 861, 863, 865, 866, 867, 868, 869, 870, 871, 872, 876, 878, 904, 908, 909, 911, 913, 915, 916, 917, 918, 919, 920, 923, 926, 928, 929, 931, 932, 936, 938, 939, 940], "excluded_lines": []}, "AIClassifierFactory": {"executed_lines": [], "summary": {"covered_lines": 0, "num_statements": 5, "percent_covered": 0.0, "percent_covered_display": "0", "missing_lines": 5, "excluded_lines": 0, "percent_statements_covered": 0.0, "percent_statements_covered_display": "0"}, "missing_lines": [949, 950, 951, 952, 954], "excluded_lines": []}, "AIClassifier": {"executed_lines": [962], "summary": {"covered_lines": 1, "num_statements": 2, "percent_covered": 50.0, "percent_covered_display": "50", "missing_lines": 1, "excluded_lines": 0, "percent_statements_covered": 50.0, "percent_statements_covered_display": "50"}, "missing_lines": [963], "excluded_lines": []}, "": {"executed_lines": [1, 11, 12, 13, 14, 15, 16, 17, 18, 19, 20, 21, 22, 29, 30, 32, 33, 34, 40, 41, 43, 77, 82, 91, 100, 104, 112, 121, 122, 126, 165, 189, 204, 205, 207, 243, 252, 256, 260, 264, 270, 321, 327, 411, 444, 474, 480, 486, 506, 599, 629, 658, 668, 669, 671, 719, 729, 738, 742, 746, 750, 754, 794, 800, 822, 843, 874, 906, 934, 943, 944, 946, 947, 958, 959, 961], "summary": {"covered_lines": 70, "num_statements": 70, "percent_covered": 100.0, "percent_covered_display": "100", "missing_lines": 0, "excluded_lines": 0, "percent_statements_covered": 100.0, "percent_statements_covered_display": "100"}, "missing_lines": [], "excluded_lines": []}}}, "qbittorrent_monitor\\circuit_breaker.py": {"executed_lines": [1, 7, 8, 9, 10, 11, 12, 13, 14, 16, 17, 19, 22, 23, 24, 25, 26, 29, 30, 31, 32, 33, 34, 37, 38, 39, 40, 41, 42, 43, 44, 45, 46, 49, 50, 51, 52, 53, 54, 55, 56, 59, 60, 66, 89, 110, 127, 155, 173, 184, 189, 257, 271, 291, 292, 294, 301, 315, 323, 324, 326, 332, 348, 361, 362, 364, 371, 388, 398, 399, 401, 408, 424, 425, 431, 456, 495, 528, 539, 540, 546, 551, 562, 566, 577, 581, 629, 655, 658, 667, 688, 707, 712], "summary": {"covered_lines": 80, "num_statements": 332, "percent_covered": 24.096385542168676, "percent_covered_display": "24", "missing_lines": 252, "excluded_lines": 0, "percent_statements_covered": 24.096385542168676, "percent_statements_covered_display": "24"}, "missing_lines": [67, 68, 69, 70, 71, 72, 73, 76, 87, 91, 92, 94, 95, 97, 99, 100, 101, 102, 103, 105, 106, 108, 112, 113, 114, 117, 119, 120, 121, 122, 123, 125, 129, 130, 131, 132, 135, 138, 143, 144, 145, 146, 149, 150, 151, 157, 158, 159, 160, 163, 164, 165, 166, 167, 169, 175, 176, 178, 179, 186, 212, 213, 214, 217, 218, 219, 220, 222, 223, 225, 227, 228, 230, 233, 234, 236, 238, 240, 241, 244, 245, 246, 247, 248, 250, 251, 252, 253, 255, 259, 260, 269, 273, 274, 275, 276, 277, 278, 279, 288, 295, 296, 297, 298, 299, 303, 304, 306, 307, 308, 310, 311, 312, 313, 317, 318, 319, 320, 327, 328, 329, 330, 334, 335, 337, 338, 341, 343, 344, 345, 346, 350, 351, 353, 354, 355, 356, 357, 358, 365, 366, 367, 368, 369, 373, 374, 376, 377, 381, 383, 384, 385, 386, 390, 391, 392, 402, 403, 404, 405, 406, 410, 411, 413, 414, 415, 418, 419, 420, 421, 432, 433, 439, 442, 443, 444, 445, 446, 447, 448, 449, 450, 451, 452, 454, 467, 468, 470, 472, 473, 474, 475, 476, 478, 479, 481, 483, 486, 487, 488, 489, 491, 492, 493, 517, 518, 519, 520, 523, 524, 526, 530, 547, 548, 549, 557, 558, 559, 560, 564, 572, 573, 574, 575, 579, 607, 608, 609, 610, 611, 612, 613, 614, 615, 618, 619, 620, 621, 624, 625, 627, 631, 639, 640, 648, 649, 651, 661, 662, 663, 709, 714], "excluded_lines": [], "functions": {"UnifiedCircuitBreaker.__init__": {"executed_lines": [], "summary": {"covered_lines": 0, "num_statements": 9, "percent_covered": 0.0, "percent_covered_display": "0", "missing_lines": 9, "excluded_lines": 0, "percent_statements_covered": 0.0, "percent_statements_covered_display": "0"}, "missing_lines": [67, 68, 69, 70, 71, 72, 73, 76, 87], "excluded_lines": []}, "UnifiedCircuitBreaker.allow_request": {"executed_lines": [], "summary": {"covered_lines": 0, "num_statements": 13, "percent_covered": 0.0, "percent_covered_display": "0", "missing_lines": 13, "excluded_lines": 0, "percent_statements_covered": 0.0, "percent_statements_covered_display": "0"}, "missing_lines": [91, 92, 94, 95, 97, 99, 100, 101, 102, 103, 105, 106, 108], "excluded_lines": []}, "UnifiedCircuitBreaker.record_success": {"executed_lines": [], "summary": {"covered_lines": 0, "num_statements": 10, "percent_covered": 0.0, "percent_covered_display": "0", "missing_lines": 10, "excluded_lines": 0, "percent_statements_covered": 0.0, "percent_statements_covered_display": "0"}, "missing_lines": [112, 113, 114, 117, 119, 120, 121, 122, 123, 125], "excluded_lines": []}, "UnifiedCircuitBreaker.record_failure": {"executed_lines": [], "summary": {"covered_lines": 0, "num_statements": 13, "percent_covered": 0.0, "percent_covered_display": "0", "missing_lines": 13, "excluded_lines": 0, "percent_statements_covered": 0.0, "percent_statements_covered_display": "0"}, "missing_lines": [129, 130, 131, 132, 135, 138, 143, 144, 145, 146, 149, 150, 151], "excluded_lines": []}, "UnifiedCircuitBreaker._change_state": {"executed_lines": [], "summary": {"covered_lines": 0, "num_statements": 10, "percent_covered": 0.0, "percent_covered_display": "0", "missing_lines": 10, "excluded_lines": 0, "percent_statements_covered": 0.0, "percent_statements_covered_display": "0"}, "missing_lines": [157, 158, 159, 160, 163, 164, 165, 166, 167, 169], "excluded_lines": []}, "UnifiedCircuitBreaker._update_response_time": {"executed_lines": [], "summary": {"covered_lines": 0, "num_statements": 4, "percent_covered": 0.0, "percent_covered_display": "0", "missing_lines": 4, "excluded_lines": 0, "percent_statements_covered": 0.0, "percent_statements_covered_display": "0"}, "missing_lines": [175, 176, 178, 179], "excluded_lines": []}, "UnifiedCircuitBreaker._prune_old_failures": {"executed_lines": [], "summary": {"covered_lines": 0, "num_statements": 1, "percent_covered": 0.0, "percent_covered_display": "0", "missing_lines": 1, "excluded_lines": 0, "percent_statements_covered": 0.0, "percent_statements_covered_display": "0"}, "missing_lines": [186], "excluded_lines": []}, "UnifiedCircuitBreaker.call": {"executed_lines": [], "summary": {"covered_lines": 0, "num_statements": 29, "percent_covered": 0.0, "percent_covered_display": "0", "missing_lines": 29, "excluded_lines": 0, "percent_statements_covered": 0.0, "percent_statements_covered_display": "0"}, "missing_lines": [212, 213, 214, 217, 218, 219, 220, 222, 223, 225, 227, 228, 230, 233, 234, 236, 238, 240, 241, 244, 245, 246, 247, 248, 250, 251, 252, 253, 255], "excluded_lines": []}, "UnifiedCircuitBreaker.get_stats": {"executed_lines": [], "summary": {"covered_lines": 0, "num_statements": 2, "percent_covered": 0.0, "percent_covered_display": "0", "missing_lines": 2, "excluded_lines": 0, "percent_statements_covered": 0.0, "percent_statements_covered_display": "0"}, "missing_lines": [259, 269], "excluded_lines": []}, "UnifiedCircuitBreaker.get_stats._get_stats": {"executed_lines": [], "summary": {"covered_lines": 0, "num_statements": 1, "percent_covered": 0.0, "percent_covered_display": "0", "missing_lines": 1, "excluded_lines": 0, "percent_statements_covered": 0.0, "percent_statements_covered_display": "0"}, "missing_lines": [260], "excluded_lines": []}, "UnifiedCircuitBreaker.reset": {"executed_lines": [], "summary": {"covered_lines": 0, "num_statements": 8, "percent_covered": 0.0, "percent_covered_display": "0", "missing_lines": 8, "excluded_lines": 0, "percent_statements_covered": 0.0, "percent_statements_covered_display": "0"}, "missing_lines": [273, 274, 275, 276, 277, 278, 279, 288], "excluded_lines": []}, "FixedWindowRateLimiter.__init__": {"executed_lines": [], "summary": {"covered_lines": 0, "num_statements": 5, "percent_covered": 0.0, "percent_covered_display": "0", "missing_lines": 5, "excluded_lines": 0, "percent_statements_covered": 0.0, "percent_statements_covered_display": "0"}, "missing_lines": [295, 296, 297, 298, 299], "excluded_lines": []}, "FixedWindowRateLimiter.acquire": {"executed_lines": [], "summary": {"covered_lines": 0, "num_statements": 9, "percent_covered": 0.0, "percent_covered_display": "0", "missing_lines": 9, "excluded_lines": 0, "percent_statements_covered": 0.0, "percent_statements_covered_display": "0"}, "missing_lines": [303, 304, 306, 307, 308, 310, 311, 312, 313], "excluded_lines": []}, "FixedWindowRateLimiter.time_until_available": {"executed_lines": [], "summary": {"covered_lines": 0, "num_statements": 4, "percent_covered": 0.0, "percent_covered_display": "0", "missing_lines": 4, "excluded_lines": 0, "percent_statements_covered": 0.0, "percent_statements_covered_display": "0"}, "missing_lines": [317, 318, 319, 320], "excluded_lines": []}, "SlidingWindowRateLimiter.__init__": {"executed_lines": [], "summary": {"covered_lines": 0, "num_statements": 4, "percent_covered": 0.0, "percent_covered_display": "0", "missing_lines": 4, "excluded_lines": 0, "percent_statements_covered": 0.0, "percent_statements_covered_display": "0"}, "missing_lines": [327, 328, 329, 330], "excluded_lines": []}, "SlidingWindowRateLimiter.acquire": {"executed_lines": [], "summary": {"covered_lines": 0, "num_statements": 9, "percent_covered": 0.0, "percent_covered_display": "0", "missing_lines": 9, "excluded_lines": 0, "percent_statements_covered": 0.0, "percent_statements_covered_display": "0"}, "missing_lines": [334, 335, 337, 338, 341, 343, 344, 345, 346], "excluded_lines": []}, "SlidingWindowRateLimiter.get_request_count": {"executed_lines": [], "summary": {"covered_lines": 0, "num_statements": 8, "percent_covered": 0.0, "percent_covered_display": "0", "missing_lines": 8, "excluded_lines": 0, "percent_statements_covered": 0.0, "percent_statements_covered_display": "0"}, "missing_lines": [350, 351, 353, 354, 355, 356, 357, 358], "excluded_lines": []}, "TokenBucketRateLimiter.__init__": {"executed_lines": [], "summary": {"covered_lines": 0, "num_statements": 5, "percent_covered": 0.0, "percent_covered_display": "0", "missing_lines": 5, "excluded_lines": 0, "percent_statements_covered": 0.0, "percent_statements_covered_display": "0"}, "missing_lines": [365, 366, 367, 368, 369], "excluded_lines": []}, "TokenBucketRateLimiter.acquire": {"executed_lines": [], "summary": {"covered_lines": 0, "num_statements": 9, "percent_covered": 0.0, "percent_covered_display": "0", "missing_lines": 9, "excluded_lines": 0, "percent_statements_covered": 0.0, "percent_statements_covered_display": "0"}, "missing_lines": [373, 374, 376, 377, 381, 383, 384, 385, 386], "excluded_lines": []}, "TokenBucketRateLimiter.available_tokens": {"executed_lines": [], "summary": {"covered_lines": 0, "num_statements": 3, "percent_covered": 0.0, "percent_covered_display": "0", "missing_lines": 3, "excluded_lines": 0, "percent_statements_covered": 0.0, "percent_statements_covered_display": "0"}, "missing_lines": [390, 391, 392], "excluded_lines": []}, "LeakyBucketRateLimiter.__init__": {"executed_lines": [], "summary": {"covered_lines": 0, "num_statements": 5, "percent_covered": 0.0, "percent_covered_display": "0", "missing_lines": 5, "excluded_lines": 0, "percent_statements_covered": 0.0, "percent_statements_covered_display": "0"}, "missing_lines": [402, 403, 404, 405, 406], "excluded_lines": []}, "LeakyBucketRateLimiter.acquire": {"executed_lines": [], "summary": {"covered_lines": 0, "num_statements": 9, "percent_covered": 0.0, "percent_covered_display": "0", "missing_lines": 9, "excluded_lines": 0, "percent_statements_covered": 0.0, "percent_statements_covered_display": "0"}, "missing_lines": [410, 411, 413, 414, 415, 418, 419, 420, 421], "excluded_lines": []}, "UnifiedRateLimiter.__init__": {"executed_lines": [], "summary": {"covered_lines": 0, "num_statements": 15, "percent_covered": 0.0, "percent_covered_display": "0", "missing_lines": 15, "excluded_lines": 0, "percent_statements_covered": 0.0, "percent_statements_covered_display": "0"}, "missing_lines": [432, 433, 439, 442, 443, 444, 445, 446, 447, 448, 449, 450, 451, 452, 454], "excluded_lines": []}, "UnifiedRateLimiter.acquire": {"executed_lines": [], "summary": {"covered_lines": 0, "num_statements": 19, "percent_covered": 0.0, "percent_covered_display": "0", "missing_lines": 19, "excluded_lines": 0, "percent_statements_covered": 0.0, "percent_statements_covered_display": "0"}, "missing_lines": [467, 468, 470, 472, 473, 474, 475, 476, 478, 479, 481, 483, 486, 487, 488, 489, 491, 492, 493], "excluded_lines": []}, "UnifiedRateLimiter.rate_limit": {"executed_lines": [], "summary": {"covered_lines": 0, "num_statements": 7, "percent_covered": 0.0, "percent_covered_display": "0", "missing_lines": 7, "excluded_lines": 0, "percent_statements_covered": 0.0, "percent_statements_covered_display": "0"}, "missing_lines": [517, 518, 519, 520, 523, 524, 526], "excluded_lines": []}, "UnifiedRateLimiter.get_stats": {"executed_lines": [], "summary": {"covered_lines": 0, "num_statements": 1, "percent_covered": 0.0, "percent_covered_display": "0", "missing_lines": 1, "excluded_lines": 0, "percent_statements_covered": 0.0, "percent_statements_covered_display": "0"}, "missing_lines": [530], "excluded_lines": []}, "TrafficController.__init__": {"executed_lines": [], "summary": {"covered_lines": 0, "num_statements": 3, "percent_covered": 0.0, "percent_covered_display": "0", "missing_lines": 3, "excluded_lines": 0, "percent_statements_covered": 0.0, "percent_statements_covered_display": "0"}, "missing_lines": [547, 548, 549], "excluded_lines": []}, "TrafficController.add_circuit_breaker": {"executed_lines": [], "summary": {"covered_lines": 0, "num_statements": 4, "percent_covered": 0.0, "percent_covered_display": "0", "missing_lines": 4, "excluded_lines": 0, "percent_statements_covered": 0.0, "percent_statements_covered_display": "0"}, "missing_lines": [557, 558, 559, 560], "excluded_lines": []}, "TrafficController.get_circuit_breaker": {"executed_lines": [], "summary": {"covered_lines": 0, "num_statements": 1, "percent_covered": 0.0, "percent_covered_display": "0", "missing_lines": 1, "excluded_lines": 0, "percent_statements_covered": 0.0, "percent_statements_covered_display": "0"}, "missing_lines": [564], "excluded_lines": []}, "TrafficController.add_rate_limiter": {"executed_lines": [], "summary": {"covered_lines": 0, "num_statements": 4, "percent_covered": 0.0, "percent_covered_display": "0", "missing_lines": 4, "excluded_lines": 0, "percent_statements_covered": 0.0, "percent_statements_covered_display": "0"}, "missing_lines": [572, 573, 574, 575], "excluded_lines": []}, "TrafficController.get_rate_limiter": {"executed_lines": [], "summary": {"covered_lines": 0, "num_statements": 1, "percent_covered": 0.0, "percent_covered_display": "0", "missing_lines": 1, "excluded_lines": 0, "percent_statements_covered": 0.0, "percent_statements_covered_display": "0"}, "missing_lines": [579], "excluded_lines": []}, "TrafficController.call": {"executed_lines": [], "summary": {"covered_lines": 0, "num_statements": 16, "percent_covered": 0.0, "percent_covered_display": "0", "missing_lines": 16, "excluded_lines": 0, "percent_statements_covered": 0.0, "percent_statements_covered_display": "0"}, "missing_lines": [607, 608, 609, 610, 611, 612, 613, 614, 615, 618, 619, 620, 621, 624, 625, 627], "excluded_lines": []}, "TrafficController.get_all_stats": {"executed_lines": [], "summary": {"covered_lines": 0, "num_statements": 6, "percent_covered": 0.0, "percent_covered_display": "0", "missing_lines": 6, "excluded_lines": 0, "percent_statements_covered": 0.0, "percent_statements_covered_display": "0"}, "missing_lines": [631, 639, 640, 648, 649, 651], "excluded_lines": []}, "get_global_traffic_controller": {"executed_lines": [], "summary": {"covered_lines": 0, "num_statements": 3, "percent_covered": 0.0, "percent_covered_display": "0", "missing_lines": 3, "excluded_lines": 0, "percent_statements_covered": 0.0, "percent_statements_covered_display": "0"}, "missing_lines": [661, 662, 663], "excluded_lines": []}, "get_circuit_breaker_config": {"executed_lines": [], "summary": {"covered_lines": 0, "num_statements": 1, "percent_covered": 0.0, "percent_covered_display": "0", "missing_lines": 1, "excluded_lines": 0, "percent_statements_covered": 0.0, "percent_statements_covered_display": "0"}, "missing_lines": [709], "excluded_lines": []}, "get_rate_limiter_config": {"executed_lines": [], "summary": {"covered_lines": 0, "num_statements": 1, "percent_covered": 0.0, "percent_covered_display": "0", "missing_lines": 1, "excluded_lines": 0, "percent_statements_covered": 0.0, "percent_statements_covered_display": "0"}, "missing_lines": [714], "excluded_lines": []}, "": {"executed_lines": [1, 7, 8, 9, 10, 11, 12, 13, 14, 16, 17, 19, 22, 23, 24, 25, 26, 29, 30, 31, 32, 33, 34, 37, 38, 39, 40, 41, 42, 43, 44, 45, 46, 49, 50, 51, 52, 53, 54, 55, 56, 59, 60, 66, 89, 110, 127, 155, 173, 184, 189, 257, 271, 291, 292, 294, 301, 315, 323, 324, 326, 332, 348, 361, 362, 364, 371, 388, 398, 399, 401, 408, 424, 425, 431, 456, 495, 528, 539, 540, 546, 551, 562, 566, 577, 581, 629, 655, 658, 667, 688, 707, 712], "summary": {"covered_lines": 80, "num_statements": 80, "percent_covered": 100.0, "percent_covered_display": "100", "missing_lines": 0, "excluded_lines": 0, "percent_statements_covered": 100.0, "percent_statements_covered_display": "100"}, "missing_lines": [], "excluded_lines": []}}, "classes": {"CircuitState": {"executed_lines": [], "summary": {"covered_lines": 0, "num_statements": 0, "percent_covered": 100.0, "percent_covered_display": "100", "missing_lines": 0, "excluded_lines": 0, "percent_statements_covered": 100.0, "percent_statements_covered_display": "100"}, "missing_lines": [], "excluded_lines": []}, "RateLimitStrategy": {"executed_lines": [], "summary": {"covered_lines": 0, "num_statements": 0, "percent_covered": 100.0, "percent_covered_display": "100", "missing_lines": 0, "excluded_lines": 0, "percent_statements_covered": 100.0, "percent_statements_covered_display": "100"}, "missing_lines": [], "excluded_lines": []}, "CircuitBreakerConfig": {"executed_lines": [], "summary": {"covered_lines": 0, "num_statements": 0, "percent_covered": 100.0, "percent_covered_display": "100", "missing_lines": 0, "excluded_lines": 0, "percent_statements_covered": 100.0, "percent_statements_covered_display": "100"}, "missing_lines": [], "excluded_lines": []}, "RateLimitConfig": {"executed_lines": [], "summary": {"covered_lines": 0, "num_statements": 0, "percent_covered": 100.0, "percent_covered_display": "100", "missing_lines": 0, "excluded_lines": 0, "percent_statements_covered": 100.0, "percent_statements_covered_display": "100"}, "missing_lines": [], "excluded_lines": []}, "UnifiedCircuitBreaker": {"executed_lines": [], "summary": {"covered_lines": 0, "num_statements": 100, "percent_covered": 0.0, "percent_covered_display": "0", "missing_lines": 100, "excluded_lines": 0, "percent_statements_covered": 0.0, "percent_statements_covered_display": "0"}, "missing_lines": [67, 68, 69, 70, 71, 72, 73, 76, 87, 91, 92, 94, 95, 97, 99, 100, 101, 102, 103, 105, 106, 108, 112, 113, 114, 117, 119, 120, 121, 122, 123, 125, 129, 130, 131, 132, 135, 138, 143, 144, 145, 146, 149, 150, 151, 157, 158, 159, 160, 163, 164, 165, 166, 167, 169, 175, 176, 178, 179, 186, 212, 213, 214, 217, 218, 219, 220, 222, 223, 225, 227, 228, 230, 233, 234, 236, 238, 240, 241, 244, 245, 246, 247, 248, 250, 251, 252, 253, 255, 259, 260, 269, 273, 274, 275, 276, 277, 278, 279, 288], "excluded_lines": []}, "FixedWindowRateLimiter": {"executed_lines": [], "summary": {"covered_lines": 0, "num_statements": 18, "percent_covered": 0.0, "percent_covered_display": "0", "missing_lines": 18, "excluded_lines": 0, "percent_statements_covered": 0.0, "percent_statements_covered_display": "0"}, "missing_lines": [295, 296, 297, 298, 299, 303, 304, 306, 307, 308, 310, 311, 312, 313, 317, 318, 319, 320], "excluded_lines": []}, "SlidingWindowRateLimiter": {"executed_lines": [], "summary": {"covered_lines": 0, "num_statements": 21, "percent_covered": 0.0, "percent_covered_display": "0", "missing_lines": 21, "excluded_lines": 0, "percent_statements_covered": 0.0, "percent_statements_covered_display": "0"}, "missing_lines": [327, 328, 329, 330, 334, 335, 337, 338, 341, 343, 344, 345, 346, 350, 351, 353, 354, 355, 356, 357, 358], "excluded_lines": []}, "TokenBucketRateLimiter": {"executed_lines": [], "summary": {"covered_lines": 0, "num_statements": 17, "percent_covered": 0.0, "percent_covered_display": "0", "missing_lines": 17, "excluded_lines": 0, "percent_statements_covered": 0.0, "percent_statements_covered_display": "0"}, "missing_lines": [365, 366, 367, 368, 369, 373, 374, 376, 377, 381, 383, 384, 385, 386, 390, 391, 392], "excluded_lines": []}, "LeakyBucketRateLimiter": {"executed_lines": [], "summary": {"covered_lines": 0, "num_statements": 14, "percent_covered": 0.0, "percent_covered_display": "0", "missing_lines": 14, "excluded_lines": 0, "percent_statements_covered": 0.0, "percent_statements_covered_display": "0"}, "missing_lines": [402, 403, 404, 405, 406, 410, 411, 413, 414, 415, 418, 419, 420, 421], "excluded_lines": []}, "UnifiedRateLimiter": {"executed_lines": [], "summary": {"covered_lines": 0, "num_statements": 42, "percent_covered": 0.0, "percent_covered_display": "0", "missing_lines": 42, "excluded_lines": 0, "percent_statements_covered": 0.0, "percent_statements_covered_display": "0"}, "missing_lines": [432, 433, 439, 442, 443, 444, 445, 446, 447, 448, 449, 450, 451, 452, 454, 467, 468, 470, 472, 473, 474, 475, 476, 478, 479, 481, 483, 486, 487, 488, 489, 491, 492, 493, 517, 518, 519, 520, 523, 524, 526, 530], "excluded_lines": []}, "TrafficController": {"executed_lines": [], "summary": {"covered_lines": 0, "num_statements": 35, "percent_covered": 0.0, "percent_covered_display": "0", "missing_lines": 35, "excluded_lines": 0, "percent_statements_covered": 0.0, "percent_statements_covered_display": "0"}, "missing_lines": [547, 548, 549, 557, 558, 559, 560, 564, 572, 573, 574, 575, 579, 607, 608, 609, 610, 611, 612, 613, 614, 615, 618, 619, 620, 621, 624, 625, 627, 631, 639, 640, 648, 649, 651], "excluded_lines": []}, "": {"executed_lines": [1, 7, 8, 9, 10, 11, 12, 13, 14, 16, 17, 19, 22, 23, 24, 25, 26, 29, 30, 31, 32, 33, 34, 37, 38, 39, 40, 41, 42, 43, 44, 45, 46, 49, 50, 51, 52, 53, 54, 55, 56, 59, 60, 66, 89, 110, 127, 155, 173, 184, 189, 257, 271, 291, 292, 294, 301, 315, 323, 324, 326, 332, 348, 361, 362, 364, 371, 388, 398, 399, 401, 408, 424, 425, 431, 456, 495, 528, 539, 540, 546, 551, 562, 566, 577, 581, 629, 655, 658, 667, 688, 707, 712], "summary": {"covered_lines": 80, "num_statements": 85, "percent_covered": 94.11764705882354, "percent_covered_display": "94", "missing_lines": 5, "excluded_lines": 0, "percent_statements_covered": 94.11764705882354, "percent_statements_covered_display": "94"}, "missing_lines": [661, 662, 663, 709, 714], "excluded_lines": []}}}, "qbittorrent_monitor\\clipboard_actions.py": {"executed_lines": [1, 7, 8, 9, 10, 12, 13, 14, 15, 16, 19, 20, 22, 42, 186, 226, 238, 273, 295, 312, 324], "summary": {"covered_lines": 19, "num_statements": 195, "percent_covered": 9.743589743589743, "percent_covered_display": "10", "missing_lines": 176, "excluded_lines": 0, "percent_statements_covered": 9.743589743589743, "percent_statements_covered_display": "10"}, "missing_lines": [32, 33, 34, 35, 36, 37, 38, 40, 43, 44, 46, 47, 48, 49, 51, 53, 54, 55, 58, 61, 62, 71, 72, 76, 77, 80, 81, 86, 89, 94, 95, 99, 100, 101, 102, 111, 112, 117, 119, 121, 122, 125, 126, 127, 128, 130, 131, 132, 133, 134, 135, 136, 137, 138, 139, 140, 142, 143, 144, 146, 147, 148, 149, 153, 154, 155, 156, 157, 158, 159, 161, 163, 164, 165, 167, 168, 169, 171, 172, 173, 174, 175, 179, 180, 181, 182, 183, 184, 188, 190, 191, 193, 194, 204, 205, 207, 208, 209, 210, 211, 212, 213, 214, 215, 217, 219, 220, 221, 222, 223, 224, 227, 228, 229, 230, 231, 232, 233, 234, 235, 236, 240, 241, 245, 246, 248, 249, 250, 251, 254, 256, 257, 261, 262, 263, 266, 267, 268, 269, 270, 271, 274, 275, 278, 279, 281, 286, 287, 288, 289, 290, 291, 292, 293, 296, 297, 298, 299, 300, 304, 305, 306, 308, 309, 310, 313, 314, 321, 322, 325, 326, 327, 328, 329, 331, 332], "excluded_lines": [], "functions": {"ClipboardActionExecutor.__init__": {"executed_lines": [], "summary": {"covered_lines": 0, "num_statements": 8, "percent_covered": 0.0, "percent_covered_display": "0", "missing_lines": 8, "excluded_lines": 0, "percent_statements_covered": 0.0, "percent_statements_covered_display": "0"}, "missing_lines": [32, 33, 34, 35, 36, 37, 38, 40], "excluded_lines": []}, "ClipboardActionExecutor.handle_magnet": {"executed_lines": [], "summary": {"covered_lines": 0, "num_statements": 80, "percent_covered": 0.0, "percent_covered_display": "0", "missing_lines": 80, "excluded_lines": 0, "percent_statements_covered": 0.0, "percent_statements_covered_display": "0"}, "missing_lines": [43, 44, 46, 47, 48, 49, 51, 53, 54, 55, 58, 61, 62, 71, 72, 76, 77, 80, 81, 86, 89, 94, 95, 99, 100, 101, 102, 111, 112, 117, 119, 121, 122, 125, 126, 127, 128, 130, 131, 132, 133, 134, 135, 136, 137, 138, 139, 140, 142, 143, 144, 146, 147, 148, 149, 153, 154, 155, 156, 157, 158, 159, 161, 163, 164, 165, 167, 168, 169, 171, 172, 173, 174, 175, 179, 180, 181, 182, 183, 184], "excluded_lines": []}, "ClipboardActionExecutor.handle_url": {"executed_lines": [], "summary": {"covered_lines": 0, "num_statements": 23, "percent_covered": 0.0, "percent_covered_display": "0", "missing_lines": 23, "excluded_lines": 0, "percent_statements_covered": 0.0, "percent_statements_covered_display": "0"}, "missing_lines": [188, 190, 191, 193, 194, 204, 205, 207, 208, 209, 210, 211, 212, 213, 214, 215, 217, 219, 220, 221, 222, 223, 224], "excluded_lines": []}, "ClipboardActionExecutor._fetch_torrent_name": {"executed_lines": [], "summary": {"covered_lines": 0, "num_statements": 10, "percent_covered": 0.0, "percent_covered_display": "0", "missing_lines": 10, "excluded_lines": 0, "percent_statements_covered": 0.0, "percent_statements_covered_display": "0"}, "missing_lines": [227, 228, 229, 230, 231, 232, 233, 234, 235, 236], "excluded_lines": []}, "ClipboardActionExecutor._classify_torrent": {"executed_lines": [], "summary": {"covered_lines": 0, "num_statements": 20, "percent_covered": 0.0, "percent_covered_display": "0", "missing_lines": 20, "excluded_lines": 0, "percent_statements_covered": 0.0, "percent_statements_covered_display": "0"}, "missing_lines": [240, 241, 245, 246, 248, 249, 250, 251, 254, 256, 257, 261, 262, 263, 266, 267, 268, 269, 270, 271], "excluded_lines": []}, "ClipboardActionExecutor._add_torrent_to_client": {"executed_lines": [], "summary": {"covered_lines": 0, "num_statements": 13, "percent_covered": 0.0, "percent_covered_display": "0", "missing_lines": 13, "excluded_lines": 0, "percent_statements_covered": 0.0, "percent_statements_covered_display": "0"}, "missing_lines": [274, 275, 278, 279, 281, 286, 287, 288, 289, 290, 291, 292, 293], "excluded_lines": []}, "ClipboardActionExecutor._update_category": {"executed_lines": [], "summary": {"covered_lines": 0, "num_statements": 11, "percent_covered": 0.0, "percent_covered_display": "0", "missing_lines": 11, "excluded_lines": 0, "percent_statements_covered": 0.0, "percent_statements_covered_display": "0"}, "missing_lines": [296, 297, 298, 299, 300, 304, 305, 306, 308, 309, 310], "excluded_lines": []}, "ClipboardActionExecutor._send_success_notification": {"executed_lines": [], "summary": {"covered_lines": 0, "num_statements": 4, "percent_covered": 0.0, "percent_covered_display": "0", "missing_lines": 4, "excluded_lines": 0, "percent_statements_covered": 0.0, "percent_statements_covered_display": "0"}, "missing_lines": [313, 314, 321, 322], "excluded_lines": []}, "ClipboardActionExecutor._get_save_path": {"executed_lines": [], "summary": {"covered_lines": 0, "num_statements": 7, "percent_covered": 0.0, "percent_covered_display": "0", "missing_lines": 7, "excluded_lines": 0, "percent_statements_covered": 0.0, "percent_statements_covered_display": "0"}, "missing_lines": [325, 326, 327, 328, 329, 331, 332], "excluded_lines": []}, "": {"executed_lines": [1, 7, 8, 9, 10, 12, 13, 14, 15, 16, 19, 20, 22, 42, 186, 226, 238, 273, 295, 312, 324], "summary": {"covered_lines": 19, "num_statements": 19, "percent_covered": 100.0, "percent_covered_display": "100", "missing_lines": 0, "excluded_lines": 0, "percent_statements_covered": 100.0, "percent_statements_covered_display": "100"}, "missing_lines": [], "excluded_lines": []}}, "classes": {"ClipboardActionExecutor": {"executed_lines": [], "summary": {"covered_lines": 0, "num_statements": 176, "percent_covered": 0.0, "percent_covered_display": "0", "missing_lines": 176, "excluded_lines": 0, "percent_statements_covered": 0.0, "percent_statements_covered_display": "0"}, "missing_lines": [32, 33, 34, 35, 36, 37, 38, 40, 43, 44, 46, 47, 48, 49, 51, 53, 54, 55, 58, 61, 62, 71, 72, 76, 77, 80, 81, 86, 89, 94, 95, 99, 100, 101, 102, 111, 112, 117, 119, 121, 122, 125, 126, 127, 128, 130, 131, 132, 133, 134, 135, 136, 137, 138, 139, 140, 142, 143, 144, 146, 147, 148, 149, 153, 154, 155, 156, 157, 158, 159, 161, 163, 164, 165, 167, 168, 169, 171, 172, 173, 174, 175, 179, 180, 181, 182, 183, 184, 188, 190, 191, 193, 194, 204, 205, 207, 208, 209, 210, 211, 212, 213, 214, 215, 217, 219, 220, 221, 222, 223, 224, 227, 228, 229, 230, 231, 232, 233, 234, 235, 236, 240, 241, 245, 246, 248, 249, 250, 251, 254, 256, 257, 261, 262, 263, 266, 267, 268, 269, 270, 271, 274, 275, 278, 279, 281, 286, 287, 288, 289, 290, 291, 292, 293, 296, 297, 298, 299, 300, 304, 305, 306, 308, 309, 310, 313, 314, 321, 322, 325, 326, 327, 328, 329, 331, 332], "excluded_lines": []}, "": {"executed_lines": [1, 7, 8, 9, 10, 12, 13, 14, 15, 16, 19, 20, 22, 42, 186, 226, 238, 273, 295, 312, 324], "summary": {"covered_lines": 19, "num_statements": 19, "percent_covered": 100.0, "percent_covered_display": "100", "missing_lines": 0, "excluded_lines": 0, "percent_statements_covered": 100.0, "percent_statements_covered_display": "100"}, "missing_lines": [], "excluded_lines": []}}}, "qbittorrent_monitor\\clipboard_models.py": {"executed_lines": [1, 5, 6, 7, 10, 11, 12, 13, 14, 15, 16, 17, 18, 19, 20, 23, 24, 25, 26], "summary": {"covered_lines": 13, "num_statements": 13, "percent_covered": 100.0, "percent_covered_display": "100", "missing_lines": 0, "excluded_lines": 0, "percent_statements_covered": 100.0, "percent_statements_covered_display": "100"}, "missing_lines": [], "excluded_lines": [], "functions": {"": {"executed_lines": [1, 5, 6, 7, 10, 11, 12, 13, 14, 15, 16, 17, 18, 19, 20, 23, 24, 25, 26], "summary": {"covered_lines": 13, "num_statements": 13, "percent_covered": 100.0, "percent_covered_display": "100", "missing_lines": 0, "excluded_lines": 0, "percent_statements_covered": 100.0, "percent_statements_covered_display": "100"}, "missing_lines": [], "excluded_lines": []}}, "classes": {"TorrentRecord": {"executed_lines": [], "summary": {"covered_lines": 0, "num_statements": 0, "percent_covered": 100.0, "percent_covered_display": "100", "missing_lines": 0, "excluded_lines": 0, "percent_statements_covered": 100.0, "percent_statements_covered_display": "100"}, "missing_lines": [], "excluded_lines": []}, "ProcessingTask": {"executed_lines": [], "summary": {"covered_lines": 0, "num_statements": 0, "percent_covered": 100.0, "percent_covered_display": "100", "missing_lines": 0, "excluded_lines": 0, "percent_statements_covered": 100.0, "percent_statements_covered_display": "100"}, "missing_lines": [], "excluded_lines": []}, "": {"executed_lines": [1, 5, 6, 7, 10, 11, 12, 13, 14, 15, 16, 17, 18, 19, 20, 23, 24, 25, 26], "summary": {"covered_lines": 13, "num_statements": 13, "percent_covered": 100.0, "percent_covered_display": "100", "missing_lines": 0, "excluded_lines": 0, "percent_statements_covered": 100.0, "percent_statements_covered_display": "100"}, "missing_lines": [], "excluded_lines": []}}}, "qbittorrent_monitor\\clipboard_monitor.py": {"executed_lines": [1, 12, 13, 14, 15, 16, 17, 18, 20, 21, 22, 23, 24, 25, 26, 27, 28, 29, 30, 33, 34, 44, 45, 46, 47, 49, 52, 53, 54, 55, 56, 73, 74, 75, 76, 77, 78, 79, 82, 103, 160, 166, 174, 205, 217, 231, 240, 271, 282, 298, 321, 329, 376, 387, 431, 438, 454, 461, 519, 521, 522, 524, 527, 528, 530, 531, 536, 548, 579, 598, 603, 617, 733, 734, 740, 747, 764, 768, 794, 798, 808, 809, 815, 827, 831, 844, 896, 912, 922, 923, 933, 956, 974, 1012, 1058, 1072, 1094, 1128], "summary": {"covered_lines": 93, "num_statements": 615, "percent_covered": 15.121951219512194, "percent_covered_display": "15", "missing_lines": 522, "excluded_lines": 0, "percent_statements_covered": 15.121951219512194, "percent_statements_covered_display": "15"}, "missing_lines": [83, 84, 85, 95, 96, 97, 98, 99, 100, 101, 105, 106, 109, 110, 116, 117, 118, 119, 122, 124, 125, 126, 127, 128, 129, 130, 131, 132, 134, 135, 137, 138, 139, 141, 142, 143, 144, 145, 146, 147, 149, 150, 151, 152, 153, 154, 155, 156, 157, 158, 162, 163, 164, 168, 169, 170, 171, 172, 175, 176, 177, 179, 180, 181, 182, 183, 184, 185, 188, 189, 192, 193, 195, 196, 197, 199, 200, 202, 203, 208, 209, 210, 211, 214, 215, 219, 222, 223, 224, 227, 228, 229, 234, 236, 237, 238, 242, 243, 259, 260, 261, 262, 263, 264, 266, 267, 268, 269, 273, 274, 275, 276, 277, 278, 280, 285, 287, 288, 289, 290, 291, 292, 293, 294, 296, 300, 301, 302, 303, 304, 306, 307, 308, 309, 311, 312, 313, 314, 315, 317, 319, 323, 324, 325, 326, 327, 331, 332, 334, 335, 336, 339, 346, 349, 352, 358, 359, 360, 361, 363, 364, 365, 368, 369, 371, 372, 373, 374, 378, 379, 381, 382, 383, 384, 385, 389, 391, 392, 393, 394, 395, 396, 397, 398, 399, 400, 401, 402, 404, 405, 406, 407, 408, 409, 410, 411, 412, 414, 419, 420, 421, 422, 423, 424, 426, 427, 428, 429, 433, 434, 435, 436, 440, 441, 442, 443, 446, 447, 449, 450, 452, 456, 457, 463, 464, 465, 467, 468, 470, 472, 473, 476, 477, 478, 479, 482, 483, 484, 485, 488, 489, 490, 491, 494, 495, 496, 497, 500, 501, 502, 505, 506, 507, 510, 511, 513, 514, 516, 517, 525, 533, 534, 538, 540, 541, 550, 551, 554, 555, 556, 558, 581, 582, 584, 600, 601, 605, 615, 619, 621, 623, 625, 628, 629, 630, 631, 632, 633, 635, 636, 637, 640, 641, 650, 651, 654, 655, 657, 659, 660, 661, 662, 663, 664, 666, 667, 670, 671, 672, 673, 674, 675, 676, 677, 678, 679, 681, 682, 683, 684, 685, 686, 687, 689, 691, 692, 695, 696, 697, 698, 699, 700, 702, 703, 704, 706, 707, 708, 709, 712, 713, 714, 717, 718, 719, 720, 721, 722, 724, 725, 726, 741, 742, 743, 744, 745, 749, 750, 752, 757, 758, 759, 762, 766, 770, 771, 772, 775, 776, 777, 778, 780, 781, 782, 783, 784, 785, 788, 789, 791, 792, 796, 800, 816, 817, 818, 819, 820, 829, 833, 835, 836, 838, 839, 842, 846, 847, 848, 850, 851, 854, 856, 857, 860, 861, 862, 866, 867, 868, 870, 871, 872, 874, 875, 878, 879, 882, 883, 884, 887, 888, 889, 893, 894, 898, 899, 902, 905, 907, 908, 910, 914, 934, 935, 938, 941, 945, 948, 959, 960, 963, 966, 967, 972, 976, 979, 981, 982, 984, 985, 987, 990, 993, 994, 996, 997, 1000, 1005, 1006, 1007, 1010, 1014, 1015, 1017, 1018, 1026, 1027, 1028, 1029, 1032, 1035, 1036, 1037, 1038, 1039, 1040, 1041, 1042, 1045, 1046, 1047, 1049, 1056, 1060, 1061, 1062, 1063, 1066, 1067, 1068, 1069, 1070, 1075, 1076, 1077, 1080, 1082, 1083, 1085, 1088, 1091, 1092, 1096, 1099, 1100, 1104, 1106, 1107, 1111, 1113, 1114, 1118, 1121, 1124, 1126, 1130, 1133, 1136, 1137, 1139, 1141, 1144], "excluded_lines": [], "functions": {"ClipboardMonitor.__init__": {"executed_lines": [45, 46, 47, 49, 52, 53, 54, 55, 56, 73, 74, 75, 76, 77, 78, 79, 82], "summary": {"covered_lines": 17, "num_statements": 27, "percent_covered": 62.96296296296296, "percent_covered_display": "63", "missing_lines": 10, "excluded_lines": 0, "percent_statements_covered": 62.96296296296296, "percent_statements_covered_display": "63"}, "missing_lines": [83, 84, 85, 95, 96, 97, 98, 99, 100, 101], "excluded_lines": []}, "ClipboardMonitor.start": {"executed_lines": [], "summary": {"covered_lines": 0, "num_statements": 40, "percent_covered": 0.0, "percent_covered_display": "0", "missing_lines": 40, "excluded_lines": 0, "percent_statements_covered": 0.0, "percent_statements_covered_display": "0"}, "missing_lines": [105, 106, 109, 110, 116, 117, 118, 119, 122, 124, 125, 126, 127, 128, 129, 130, 131, 132, 134, 135, 137, 138, 139, 141, 142, 143, 144, 145, 146, 147, 149, 150, 151, 152, 153, 154, 155, 156, 157, 158], "excluded_lines": []}, "ClipboardMonitor.stop": {"executed_lines": [], "summary": {"covered_lines": 0, "num_statements": 3, "percent_covered": 0.0, "percent_covered_display": "0", "missing_lines": 3, "excluded_lines": 0, "percent_statements_covered": 0.0, "percent_statements_covered_display": "0"}, "missing_lines": [162, 163, 164], "excluded_lines": []}, "ClipboardMonitor._on_clipboard_change": {"executed_lines": [], "summary": {"covered_lines": 0, "num_statements": 5, "percent_covered": 0.0, "percent_covered_display": "0", "missing_lines": 5, "excluded_lines": 0, "percent_statements_covered": 0.0, "percent_statements_covered_display": "0"}, "missing_lines": [168, 169, 170, 171, 172], "excluded_lines": []}, "ClipboardMonitor._process_clipboard_text": {"executed_lines": [], "summary": {"covered_lines": 0, "num_statements": 21, "percent_covered": 0.0, "percent_covered_display": "0", "missing_lines": 21, "excluded_lines": 0, "percent_statements_covered": 0.0, "percent_statements_covered_display": "0"}, "missing_lines": [175, 176, 177, 179, 180, 181, 182, 183, 184, 185, 188, 189, 192, 193, 195, 196, 197, 199, 200, 202, 203], "excluded_lines": []}, "ClipboardMonitor._update_performance_metrics": {"executed_lines": [], "summary": {"covered_lines": 0, "num_statements": 6, "percent_covered": 0.0, "percent_covered_display": "0", "missing_lines": 6, "excluded_lines": 0, "percent_statements_covered": 0.0, "percent_statements_covered_display": "0"}, "missing_lines": [208, 209, 210, 211, 214, 215], "excluded_lines": []}, "ClipboardMonitor._periodic_maintenance": {"executed_lines": [], "summary": {"covered_lines": 0, "num_statements": 7, "percent_covered": 0.0, "percent_covered_display": "0", "missing_lines": 7, "excluded_lines": 0, "percent_statements_covered": 0.0, "percent_statements_covered_display": "0"}, "missing_lines": [219, 222, 223, 224, 227, 228, 229], "excluded_lines": []}, "ClipboardMonitor._cleanup_duplicate_cache": {"executed_lines": [], "summary": {"covered_lines": 0, "num_statements": 4, "percent_covered": 0.0, "percent_covered_display": "0", "missing_lines": 4, "excluded_lines": 0, "percent_statements_covered": 0.0, "percent_statements_covered_display": "0"}, "missing_lines": [234, 236, 237, 238], "excluded_lines": []}, "ClipboardMonitor._show_welcome_message": {"executed_lines": [], "summary": {"covered_lines": 0, "num_statements": 12, "percent_covered": 0.0, "percent_covered_display": "0", "missing_lines": 12, "excluded_lines": 0, "percent_statements_covered": 0.0, "percent_statements_covered_display": "0"}, "missing_lines": [242, 243, 259, 260, 261, 262, 263, 264, 266, 267, 268, 269], "excluded_lines": []}, "ClipboardMonitor._classify_torrent_async": {"executed_lines": [], "summary": {"covered_lines": 0, "num_statements": 7, "percent_covered": 0.0, "percent_covered_display": "0", "missing_lines": 7, "excluded_lines": 0, "percent_statements_covered": 0.0, "percent_statements_covered_display": "0"}, "missing_lines": [273, 274, 275, 276, 277, 278, 280], "excluded_lines": []}, "ClipboardMonitor._classify_by_rules": {"executed_lines": [], "summary": {"covered_lines": 0, "num_statements": 10, "percent_covered": 0.0, "percent_covered_display": "0", "missing_lines": 10, "excluded_lines": 0, "percent_statements_covered": 0.0, "percent_statements_covered_display": "0"}, "missing_lines": [285, 287, 288, 289, 290, 291, 292, 293, 294, 296], "excluded_lines": []}, "ClipboardMonitor._add_torrent_with_retry": {"executed_lines": [], "summary": {"covered_lines": 0, "num_statements": 16, "percent_covered": 0.0, "percent_covered_display": "0", "missing_lines": 16, "excluded_lines": 0, "percent_statements_covered": 0.0, "percent_statements_covered_display": "0"}, "missing_lines": [300, 301, 302, 303, 304, 306, 307, 308, 309, 311, 312, 313, 314, 315, 317, 319], "excluded_lines": []}, "ClipboardMonitor._add_torrent_to_qb": {"executed_lines": [], "summary": {"covered_lines": 0, "num_statements": 5, "percent_covered": 0.0, "percent_covered_display": "0", "missing_lines": 5, "excluded_lines": 0, "percent_statements_covered": 0.0, "percent_statements_covered_display": "0"}, "missing_lines": [323, 324, 325, 326, 327], "excluded_lines": []}, "ClipboardMonitor._process_single_torrent_from_web": {"executed_lines": [], "summary": {"covered_lines": 0, "num_statements": 22, "percent_covered": 0.0, "percent_covered_display": "0", "missing_lines": 22, "excluded_lines": 0, "percent_statements_covered": 0.0, "percent_statements_covered_display": "0"}, "missing_lines": [331, 332, 334, 335, 336, 339, 346, 349, 352, 358, 359, 360, 361, 363, 364, 365, 368, 369, 371, 372, 373, 374], "excluded_lines": []}, "ClipboardMonitor._check_duplicate_by_hash": {"executed_lines": [], "summary": {"covered_lines": 0, "num_statements": 7, "percent_covered": 0.0, "percent_covered_display": "0", "missing_lines": 7, "excluded_lines": 0, "percent_statements_covered": 0.0, "percent_statements_covered_display": "0"}, "missing_lines": [378, 379, 381, 382, 383, 384, 385], "excluded_lines": []}, "ClipboardMonitor._show_farewell_message": {"executed_lines": [], "summary": {"covered_lines": 0, "num_statements": 33, "percent_covered": 0.0, "percent_covered_display": "0", "missing_lines": 33, "excluded_lines": 0, "percent_statements_covered": 0.0, "percent_statements_covered_display": "0"}, "missing_lines": [389, 391, 392, 393, 394, 395, 396, 397, 398, 399, 400, 401, 402, 404, 405, 406, 407, 408, 409, 410, 411, 412, 414, 419, 420, 421, 422, 423, 424, 426, 427, 428, 429], "excluded_lines": []}, "ClipboardMonitor._add_to_history": {"executed_lines": [], "summary": {"covered_lines": 0, "num_statements": 4, "percent_covered": 0.0, "percent_covered_display": "0", "missing_lines": 4, "excluded_lines": 0, "percent_statements_covered": 0.0, "percent_statements_covered_display": "0"}, "missing_lines": [433, 434, 435, 436], "excluded_lines": []}, "ClipboardMonitor._get_save_path": {"executed_lines": [], "summary": {"covered_lines": 0, "num_statements": 9, "percent_covered": 0.0, "percent_covered_display": "0", "missing_lines": 9, "excluded_lines": 0, "percent_statements_covered": 0.0, "percent_statements_covered_display": "0"}, "missing_lines": [440, 441, 442, 443, 446, 447, 449, 450, 452], "excluded_lines": []}, "ClipboardMonitor._periodic_stats_report": {"executed_lines": [], "summary": {"covered_lines": 0, "num_statements": 2, "percent_covered": 0.0, "percent_covered_display": "0", "missing_lines": 2, "excluded_lines": 0, "percent_statements_covered": 0.0, "percent_statements_covered_display": "0"}, "missing_lines": [456, 457], "excluded_lines": []}, "ClipboardMonitor.cleanup": {"executed_lines": [], "summary": {"covered_lines": 0, "num_statements": 36, "percent_covered": 0.0, "percent_covered_display": "0", "missing_lines": 36, "excluded_lines": 0, "percent_statements_covered": 0.0, "percent_statements_covered_display": "0"}, "missing_lines": [463, 464, 465, 467, 468, 470, 472, 473, 476, 477, 478, 479, 482, 483, 484, 485, 488, 489, 490, 491, 494, 495, 496, 497, 500, 501, 502, 505, 506, 507, 510, 511, 513, 514, 516, 517], "excluded_lines": []}, "ClipboardMonitor.__del__": {"executed_lines": [521, 522, 524, 527, 528, 530, 531], "summary": {"covered_lines": 7, "num_statements": 10, "percent_covered": 70.0, "percent_covered_display": "70", "missing_lines": 3, "excluded_lines": 0, "percent_statements_covered": 70.0, "percent_statements_covered_display": "70"}, "missing_lines": [525, 533, 534], "excluded_lines": []}, "ClipboardMonitor._handle_monitor_error": {"executed_lines": [], "summary": {"covered_lines": 0, "num_statements": 3, "percent_covered": 0.0, "percent_covered_display": "0", "missing_lines": 3, "excluded_lines": 0, "percent_statements_covered": 0.0, "percent_statements_covered_display": "0"}, "missing_lines": [538, 540, 541], "excluded_lines": []}, "ClipboardMonitor.get_status": {"executed_lines": [], "summary": {"covered_lines": 0, "num_statements": 6, "percent_covered": 0.0, "percent_covered_display": "0", "missing_lines": 6, "excluded_lines": 0, "percent_statements_covered": 0.0, "percent_statements_covered_display": "0"}, "missing_lines": [550, 551, 554, 555, 556, 558], "excluded_lines": []}, "ClipboardMonitor.get_history": {"executed_lines": [], "summary": {"covered_lines": 0, "num_statements": 3, "percent_covered": 0.0, "percent_covered_display": "0", "missing_lines": 3, "excluded_lines": 0, "percent_statements_covered": 0.0, "percent_statements_covered_display": "0"}, "missing_lines": [581, 582, 584], "excluded_lines": []}, "ClipboardMonitor.clear_history": {"executed_lines": [], "summary": {"covered_lines": 0, "num_statements": 2, "percent_covered": 0.0, "percent_covered_display": "0", "missing_lines": 2, "excluded_lines": 0, "percent_statements_covered": 0.0, "percent_statements_covered_display": "0"}, "missing_lines": [600, 601], "excluded_lines": []}, "ClipboardMonitor.reset_stats": {"executed_lines": [], "summary": {"covered_lines": 0, "num_statements": 2, "percent_covered": 0.0, "percent_covered_display": "0", "missing_lines": 2, "excluded_lines": 0, "percent_statements_covered": 0.0, "percent_statements_covered_display": "0"}, "missing_lines": [605, 615], "excluded_lines": []}, "ClipboardMonitor._process_url": {"executed_lines": [], "summary": {"covered_lines": 0, "num_statements": 73, "percent_covered": 0.0, "percent_covered_display": "0", "missing_lines": 73, "excluded_lines": 0, "percent_statements_covered": 0.0, "percent_statements_covered_display": "0"}, "missing_lines": [619, 621, 623, 625, 628, 629, 630, 631, 632, 633, 635, 636, 637, 640, 641, 650, 651, 654, 655, 657, 659, 660, 661, 662, 663, 664, 666, 667, 670, 671, 672, 673, 674, 675, 676, 677, 678, 679, 681, 682, 683, 684, 685, 686, 687, 689, 691, 692, 695, 696, 697, 698, 699, 700, 702, 703, 704, 706, 707, 708, 709, 712, 713, 714, 717, 718, 719, 720, 721, 722, 724, 725, 726], "excluded_lines": []}, "ActivityTracker.__init__": {"executed_lines": [], "summary": {"covered_lines": 0, "num_statements": 5, "percent_covered": 0.0, "percent_covered_display": "0", "missing_lines": 5, "excluded_lines": 0, "percent_statements_covered": 0.0, "percent_statements_covered_display": "0"}, "missing_lines": [741, 742, 743, 744, 745], "excluded_lines": []}, "ActivityTracker.record_activity": {"executed_lines": [], "summary": {"covered_lines": 0, "num_statements": 7, "percent_covered": 0.0, "percent_covered_display": "0", "missing_lines": 7, "excluded_lines": 0, "percent_statements_covered": 0.0, "percent_statements_covered_display": "0"}, "missing_lines": [749, 750, 752, 757, 758, 759, 762], "excluded_lines": []}, "ActivityTracker._is_recently_active": {"executed_lines": [], "summary": {"covered_lines": 0, "num_statements": 1, "percent_covered": 0.0, "percent_covered_display": "0", "missing_lines": 1, "excluded_lines": 0, "percent_statements_covered": 0.0, "percent_statements_covered_display": "0"}, "missing_lines": [766], "excluded_lines": []}, "ActivityTracker._calculate_activity_level": {"executed_lines": [], "summary": {"covered_lines": 0, "num_statements": 17, "percent_covered": 0.0, "percent_covered_display": "0", "missing_lines": 17, "excluded_lines": 0, "percent_statements_covered": 0.0, "percent_statements_covered_display": "0"}, "missing_lines": [770, 771, 772, 775, 776, 777, 778, 780, 781, 782, 783, 784, 785, 788, 789, 791, 792], "excluded_lines": []}, "ActivityTracker.get_level": {"executed_lines": [], "summary": {"covered_lines": 0, "num_statements": 1, "percent_covered": 0.0, "percent_covered_display": "0", "missing_lines": 1, "excluded_lines": 0, "percent_statements_covered": 0.0, "percent_statements_covered_display": "0"}, "missing_lines": [796], "excluded_lines": []}, "ActivityTracker.get_stats": {"executed_lines": [], "summary": {"covered_lines": 0, "num_statements": 1, "percent_covered": 0.0, "percent_covered_display": "0", "missing_lines": 1, "excluded_lines": 0, "percent_statements_covered": 0.0, "percent_statements_covered_display": "0"}, "missing_lines": [800], "excluded_lines": []}, "SmartBatcher.__init__": {"executed_lines": [], "summary": {"covered_lines": 0, "num_statements": 5, "percent_covered": 0.0, "percent_covered_display": "0", "missing_lines": 5, "excluded_lines": 0, "percent_statements_covered": 0.0, "percent_statements_covered_display": "0"}, "missing_lines": [816, 817, 818, 819, 820], "excluded_lines": []}, "SmartBatcher.set_processor": {"executed_lines": [], "summary": {"covered_lines": 0, "num_statements": 1, "percent_covered": 0.0, "percent_covered_display": "0", "missing_lines": 1, "excluded_lines": 0, "percent_statements_covered": 0.0, "percent_statements_covered_display": "0"}, "missing_lines": [829], "excluded_lines": []}, "SmartBatcher.add_to_batch": {"executed_lines": [], "summary": {"covered_lines": 0, "num_statements": 6, "percent_covered": 0.0, "percent_covered_display": "0", "missing_lines": 6, "excluded_lines": 0, "percent_statements_covered": 0.0, "percent_statements_covered_display": "0"}, "missing_lines": [833, 835, 836, 838, 839, 842], "excluded_lines": []}, "SmartBatcher._process_batch": {"executed_lines": [], "summary": {"covered_lines": 0, "num_statements": 29, "percent_covered": 0.0, "percent_covered_display": "0", "missing_lines": 29, "excluded_lines": 0, "percent_statements_covered": 0.0, "percent_statements_covered_display": "0"}, "missing_lines": [846, 847, 848, 850, 851, 854, 856, 857, 860, 861, 862, 866, 867, 868, 870, 871, 872, 874, 875, 878, 879, 882, 883, 884, 887, 888, 889, 893, 894], "excluded_lines": []}, "SmartBatcher._adjust_batch_size": {"executed_lines": [], "summary": {"covered_lines": 0, "num_statements": 7, "percent_covered": 0.0, "percent_covered_display": "0", "missing_lines": 7, "excluded_lines": 0, "percent_statements_covered": 0.0, "percent_statements_covered_display": "0"}, "missing_lines": [898, 899, 902, 905, 907, 908, 910], "excluded_lines": []}, "SmartBatcher.get_stats": {"executed_lines": [], "summary": {"covered_lines": 0, "num_statements": 1, "percent_covered": 0.0, "percent_covered_display": "0", "missing_lines": 1, "excluded_lines": 0, "percent_statements_covered": 0.0, "percent_statements_covered_display": "0"}, "missing_lines": [914], "excluded_lines": []}, "OptimizedClipboardMonitor.__init__": {"executed_lines": [], "summary": {"covered_lines": 0, "num_statements": 6, "percent_covered": 0.0, "percent_covered_display": "0", "missing_lines": 6, "excluded_lines": 0, "percent_statements_covered": 0.0, "percent_statements_covered_display": "0"}, "missing_lines": [934, 935, 938, 941, 945, 948], "excluded_lines": []}, "OptimizedClipboardMonitor._on_clipboard_change_optimized": {"executed_lines": [], "summary": {"covered_lines": 0, "num_statements": 6, "percent_covered": 0.0, "percent_covered_display": "0", "missing_lines": 6, "excluded_lines": 0, "percent_statements_covered": 0.0, "percent_statements_covered_display": "0"}, "missing_lines": [959, 960, 963, 966, 967, 972], "excluded_lines": []}, "OptimizedCli
[...]
 379, 381, 382, 387, 388, 389, 391, 392, 393, 394, 398, 399, 400, 402, 403, 404, 405, 407, 409, 410, 421, 422, 423, 424, 425, 428, 429, 430, 431, 434, 435, 444, 449, 464, 467, 481, 484, 499, 502, 514, 518, 521, 528, 535, 542, 546, 547, 551, 552, 564, 565, 567, 569, 574, 577, 584, 597, 600, 601, 604, 605, 606, 609, 610, 611, 618, 619, 620, 622, 631, 633, 634, 635, 636, 638, 639, 647, 648, 649, 651, 652, 653, 654, 656, 657, 658, 659, 660, 662, 663, 665, 669, 670, 674, 675, 679, 680, 681, 685, 686, 687, 688, 692, 693, 696, 697, 698, 702, 712, 718, 737, 748, 751, 752], "excluded_lines": [], "functions": {"WorkflowRule.evaluate": {"executed_lines": [], "summary": {"covered_lines": 0, "num_statements": 7, "percent_covered": 0.0, "percent_covered_display": "0", "missing_lines": 7, "excluded_lines": 0, "percent_statements_covered": 0.0, "percent_statements_covered_display": "0"}, "missing_lines": [88, 89, 90, 91, 93, 94, 95], "excluded_lines": []}, "WorkflowRule._evaluate_condition": {"executed_lines": [], "summary": {"covered_lines": 0, "num_statements": 24, "percent_covered": 0.0, "percent_covered_display": "0", "missing_lines": 24, "excluded_lines": 0, "percent_statements_covered": 0.0, "percent_statements_covered_display": "0"}, "missing_lines": [99, 100, 101, 102, 103, 104, 105, 106, 107, 108, 109, 110, 111, 112, 113, 114, 115, 116, 117, 118, 119, 120, 121, 122], "excluded_lines": []}, "RuleEngine.__init__": {"executed_lines": [], "summary": {"covered_lines": 0, "num_statements": 2, "percent_covered": 0.0, "percent_covered_display": "0", "missing_lines": 2, "excluded_lines": 0, "percent_statements_covered": 0.0, "percent_statements_covered_display": "0"}, "missing_lines": [158, 159], "excluded_lines": []}, "RuleEngine.add_rule": {"executed_lines": [], "summary": {"covered_lines": 0, "num_statements": 5, "percent_covered": 0.0, "percent_covered_display": "0", "missing_lines": 5, "excluded_lines": 0, "percent_statements_covered": 0.0, "percent_statements_covered_display": "0"}, "missing_lines": [168, 169, 170, 171, 172], "excluded_lines": []}, "RuleEngine.remove_rule": {"executed_lines": [], "summary": {"covered_lines": 0, "num_statements": 4, "percent_covered": 0.0, "percent_covered_display": "0", "missing_lines": 4, "excluded_lines": 0, "percent_statements_covered": 0.0, "percent_statements_covered_display": "0"}, "missing_lines": [176, 177, 178, 179], "excluded_lines": []}, "RuleEngine.evaluate_rules": {"executed_lines": [], "summary": {"covered_lines": 0, "num_statements": 8, "percent_covered": 0.0, "percent_covered_display": "0", "missing_lines": 8, "excluded_lines": 0, "percent_statements_covered": 0.0, "percent_statements_covered_display": "0"}, "missing_lines": [183, 184, 187, 193, 194, 195, 196, 198], "excluded_lines": []}, "RuleEngine.get_rule_stats": {"executed_lines": [], "summary": {"covered_lines": 0, "num_statements": 1, "percent_covered": 0.0, "percent_covered_display": "0", "missing_lines": 1, "excluded_lines": 0, "percent_statements_covered": 0.0, "percent_statements_covered_display": "0"}, "missing_lines": [202], "excluded_lines": []}, "TaskScheduler.__init__": {"executed_lines": [], "summary": {"covered_lines": 0, "num_statements": 5, "percent_covered": 0.0, "percent_covered_display": "0", "missing_lines": 5, "excluded_lines": 0, "percent_statements_covered": 0.0, "percent_statements_covered_display": "0"}, "missing_lines": [215, 216, 217, 218, 219], "excluded_lines": []}, "TaskScheduler.start": {"executed_lines": [], "summary": {"covered_lines": 0, "num_statements": 3, "percent_covered": 0.0, "percent_covered_display": "0", "missing_lines": 3, "excluded_lines": 0, "percent_statements_covered": 0.0, "percent_statements_covered_display": "0"}, "missing_lines": [223, 224, 225], "excluded_lines": []}, "TaskScheduler.stop": {"executed_lines": [], "summary": {"covered_lines": 0, "num_statements": 7, "percent_covered": 0.0, "percent_covered_display": "0", "missing_lines": 7, "excluded_lines": 0, "percent_statements_covered": 0.0, "percent_statements_covered_display": "0"}, "missing_lines": [229, 230, 231, 232, 233, 234, 235], "excluded_lines": []}, "TaskScheduler.schedule_task": {"executed_lines": [], "summary": {"covered_lines": 0, "num_statements": 3, "percent_covered": 0.0, "percent_covered_display": "0", "missing_lines": 3, "excluded_lines": 0, "percent_statements_covered": 0.0, "percent_statements_covered_display": "0"}, "missing_lines": [247, 248, 256], "excluded_lines": []}, "TaskScheduler._scheduler_loop": {"executed_lines": [], "summary": {"covered_lines": 0, "num_statements": 18, "percent_covered": 0.0, "percent_covered_display": "0", "missing_lines": 18, "excluded_lines": 0, "percent_statements_covered": 0.0, "percent_statements_covered_display": "0"}, "missing_lines": [260, 261, 262, 263, 265, 266, 267, 269, 270, 273, 274, 275, 277, 279, 280, 281, 282, 283], "excluded_lines": []}, "TaskScheduler._run_task": {"executed_lines": [], "summary": {"covered_lines": 0, "num_statements": 8, "percent_covered": 0.0, "percent_covered_display": "0", "missing_lines": 8, "excluded_lines": 0, "percent_statements_covered": 0.0, "percent_statements_covered_display": "0"}, "missing_lines": [287, 288, 289, 292, 293, 295, 296, 298], "excluded_lines": []}, "NotificationRules.__init__": {"executed_lines": [], "summary": {"covered_lines": 0, "num_statements": 2, "percent_covered": 0.0, "percent_covered_display": "0", "missing_lines": 2, "excluded_lines": 0, "percent_statements_covered": 0.0, "percent_statements_covered_display": "0"}, "missing_lines": [305, 306], "excluded_lines": []}, "NotificationRules.add_rule": {"executed_lines": [], "summary": {"covered_lines": 0, "num_statements": 1, "percent_covered": 0.0, "percent_covered_display": "0", "missing_lines": 1, "excluded_lines": 0, "percent_statements_covered": 0.0, "percent_statements_covered_display": "0"}, "missing_lines": [310], "excluded_lines": []}, "NotificationRules.should_notify": {"executed_lines": [], "summary": {"covered_lines": 0, "num_statements": 5, "percent_covered": 0.0, "percent_covered_display": "0", "missing_lines": 5, "excluded_lines": 0, "percent_statements_covered": 0.0, "percent_statements_covered_display": "0"}, "missing_lines": [314, 315, 316, 317, 318], "excluded_lines": []}, "NotificationRules.send_notifications": {"executed_lines": [], "summary": {"covered_lines": 0, "num_statements": 10, "percent_covered": 0.0, "percent_covered_display": "0", "missing_lines": 10, "excluded_lines": 0, "percent_statements_covered": 0.0, "percent_statements_covered_display": "0"}, "missing_lines": [322, 323, 324, 325, 326, 327, 329, 330, 333, 334], "excluded_lines": []}, "BatchProcessor.__init__": {"executed_lines": [], "summary": {"covered_lines": 0, "num_statements": 4, "percent_covered": 0.0, "percent_covered_display": "0", "missing_lines": 4, "excluded_lines": 0, "percent_statements_covered": 0.0, "percent_statements_covered_display": "0"}, "missing_lines": [341, 342, 343, 344], "excluded_lines": []}, "BatchProcessor.add_to_batch": {"executed_lines": [], "summary": {"covered_lines": 0, "num_statements": 2, "percent_covered": 0.0, "percent_covered_display": "0", "missing_lines": 2, "excluded_lines": 0, "percent_statements_covered": 0.0, "percent_statements_covered_display": "0"}, "missing_lines": [353, 358], "excluded_lines": []}, "BatchProcessor.process_batch": {"executed_lines": [], "summary": {"covered_lines": 0, "num_statements": 21, "percent_covered": 0.0, "percent_covered_display": "0", "missing_lines": 21, "excluded_lines": 0, "percent_statements_covered": 0.0, "percent_statements_covered_display": "0"}, "missing_lines": [362, 363, 365, 366, 367, 369, 370, 373, 374, 375, 376, 379, 381, 382, 387, 388, 389, 391, 392, 393, 394], "excluded_lines": []}, "BatchProcessor._process_torrent_batch_item": {"executed_lines": [], "summary": {"covered_lines": 0, "num_statements": 10, "percent_covered": 0.0, "percent_covered_display": "0", "missing_lines": 10, "excluded_lines": 0, "percent_statements_covered": 0.0, "percent_statements_covered_display": "0"}, "missing_lines": [398, 399, 400, 402, 403, 404, 405, 407, 409, 410], "excluded_lines": []}, "WorkflowEngine.__init__": {"executed_lines": [], "summary": {"covered_lines": 0, "num_statements": 12, "percent_covered": 0.0, "percent_covered_display": "0", "missing_lines": 12, "excluded_lines": 0, "percent_statements_covered": 0.0, "percent_statements_covered_display": "0"}, "missing_lines": [421, 422, 423, 424, 425, 428, 429, 430, 431, 434, 435, 444], "excluded_lines": []}, "WorkflowEngine._load_default_rules": {"executed_lines": [], "summary": {"covered_lines": 0, "num_statements": 8, "percent_covered": 0.0, "percent_covered_display": "0", "missing_lines": 8, "excluded_lines": 0, "percent_statements_covered": 0.0, "percent_statements_covered_display": "0"}, "missing_lines": [449, 464, 467, 481, 484, 499, 502, 514], "excluded_lines": []}, "WorkflowEngine.start": {"executed_lines": [], "summary": {"covered_lines": 0, "num_statements": 5, "percent_covered": 0.0, "percent_covered_display": "0", "missing_lines": 5, "excluded_lines": 0, "percent_statements_covered": 0.0, "percent_statements_covered_display": "0"}, "missing_lines": [518, 521, 528, 535, 542], "excluded_lines": []}, "WorkflowEngine.stop": {"executed_lines": [], "summary": {"covered_lines": 0, "num_statements": 2, "percent_covered": 0.0, "percent_covered_display": "0", "missing_lines": 2, "excluded_lines": 0, "percent_statements_covered": 0.0, "percent_statements_covered_display": "0"}, "missing_lines": [546, 547], "excluded_lines": []}, "WorkflowEngine.process_torrent": {"executed_lines": [], "summary": {"covered_lines": 0, "num_statements": 29, "percent_covered": 0.0, "percent_covered_display": "0", "missing_lines": 29, "excluded_lines": 0, "percent_statements_covered": 0.0, "percent_statements_covered_display": "0"}, "missing_lines": [551, 552, 564, 565, 567, 569, 574, 577, 584, 597, 600, 601, 604, 605, 606, 609, 610, 611, 618, 619, 620, 622, 631, 633, 634, 635, 636, 638, 639], "excluded_lines": []}, "WorkflowEngine._execute_rule_actions": {"executed_lines": [], "summary": {"covered_lines": 0, "num_statements": 17, "percent_covered": 0.0, "percent_covered_display": "0", "missing_lines": 17, "excluded_lines": 0, "percent_statements_covered": 0.0, "percent_statements_covered_display": "0"}, "missing_lines": [647, 648, 649, 651, 652, 653, 654, 656, 657, 658, 659, 660, 662, 663, 665, 669, 670], "excluded_lines": []}, "WorkflowEngine._cleanup_old_torrents": {"executed_lines": [], "summary": {"covered_lines": 0, "num_statements": 5, "percent_covered": 0.0, "percent_covered_display": "0", "missing_lines": 5, "excluded_lines": 0, "percent_statements_covered": 0.0, "percent_statements_covered_display": "0"}, "missing_lines": [674, 675, 679, 680, 681], "excluded_lines": []}, "WorkflowEngine._process_batch_queue": {"executed_lines": [], "summary": {"covered_lines": 0, "num_statements": 4, "percent_covered": 0.0, "percent_covered_display": "0", "missing_lines": 4, "excluded_lines": 0, "percent_statements_covered": 0.0, "percent_statements_covered_display": "0"}, "missing_lines": [685, 686, 687, 688], "excluded_lines": []}, "WorkflowEngine._archive_completed": {"executed_lines": [], "summary": {"covered_lines": 0, "num_statements": 5, "percent_covered": 0.0, "percent_covered_display": "0", "missing_lines": 5, "excluded_lines": 0, "percent_statements_covered": 0.0, "percent_statements_covered_display": "0"}, "missing_lines": [692, 693, 696, 697, 698], "excluded_lines": []}, "WorkflowEngine.get_stats": {"executed_lines": [], "summary": {"covered_lines": 0, "num_statements": 1, "percent_covered": 0.0, "percent_covered_display": "0", "missing_lines": 1, "excluded_lines": 0, "percent_statements_covered": 0.0, "percent_statements_covered_display": "0"}, "missing_lines": [702], "excluded_lines": []}, "WorkflowEngine.get_recent_executions": {"executed_lines": [], "summary": {"covered_lines": 0, "num_statements": 2, "percent_covered": 0.0, "percent_covered_display": "0", "missing_lines": 2, "excluded_lines": 0, "percent_statements_covered": 0.0, "percent_statements_covered_display": "0"}, "missing_lines": [712, 718], "excluded_lines": []}, "get_workflow_engine": {"executed_lines": [], "summary": {"covered_lines": 0, "num_statements": 1, "percent_covered": 0.0, "percent_covered_display": "0", "missing_lines": 1, "excluded_lines": 0, "percent_statements_covered": 0.0, "percent_statements_covered_display": "0"}, "missing_lines": [737], "excluded_lines": []}, "initialize_workflow_engine": {"executed_lines": [], "summary": {"covered_lines": 0, "num_statements": 3, "percent_covered": 0.0, "percent_covered_display": "0", "missing_lines": 3, "excluded_lines": 0, "percent_statements_covered": 0.0, "percent_statements_covered_display": "0"}, "missing_lines": [748, 751, 752], "excluded_lines": []}, "": {"executed_lines": [1, 12, 13, 14, 15, 16, 17, 18, 19, 21, 22, 25, 28, 29, 30, 31, 32, 33, 34, 35, 38, 39, 40, 41, 42, 43, 44, 45, 46, 49, 50, 51, 52, 53, 54, 55, 56, 57, 58, 59, 62, 63, 64, 65, 66, 67, 68, 69, 70, 71, 72, 75, 76, 77, 78, 79, 80, 81, 82, 83, 84, 86, 97, 125, 126, 127, 128, 129, 130, 131, 132, 133, 134, 135, 136, 137, 138, 141, 142, 143, 144, 145, 146, 147, 148, 149, 150, 151, 154, 155, 157, 166, 174, 181, 200, 211, 212, 214, 221, 227, 237, 258, 285, 301, 302, 304, 308, 312, 320, 337, 338, 340, 351, 360, 396, 413, 414, 420, 446, 516, 544, 549, 645, 672, 683, 690, 700, 710, 732, 735, 740], "summary": {"covered_lines": 111, "num_statements": 111, "percent_covered": 100.0, "percent_covered_display": "100", "missing_lines": 0, "excluded_lines": 0, "percent_statements_covered": 100.0, "percent_statements_covered_display": "100"}, "missing_lines": [], "excluded_lines": []}}, "classes": {"WorkflowStatus": {"executed_lines": [], "summary": {"covered_lines": 0, "num_statements": 0, "percent_covered": 100.0, "percent_covered_display": "100", "missing_lines": 0, "excluded_lines": 0, "percent_statements_covered": 100.0, "percent_statements_covered_display": "100"}, "missing_lines": [], "excluded_lines": []}, "TaskType": {"executed_lines": [], "summary": {"covered_lines": 0, "num_statements": 0, "percent_covered": 100.0, "percent_covered_display": "100", "missing_lines": 0, "excluded_lines": 0, "percent_statements_covered": 100.0, "percent_statements_covered_display": "100"}, "missing_lines": [], "excluded_lines": []}, "RuleCondition": {"executed_lines": [], "summary": {"covered_lines": 0, "num_statements": 0, "percent_covered": 100.0, "percent_covered_display": "100", "missing_lines": 0, "excluded_lines": 0, "percent_statements_covered": 100.0, "percent_statements_covered_display": "100"}, "missing_lines": [], "excluded_lines": []}, "RuleAction": {"executed_lines": [], "summary": {"covered_lines": 0, "num_statements": 0, "percent_covered": 100.0, "percent_covered_display": "100", "missing_lines": 0, "excluded_lines": 0, "percent_statements_covered": 100.0, "percent_statements_covered_display": "100"}, "missing_lines": [], "excluded_lines": []}, "WorkflowRule": {"executed_lines": [], "summary": {"covered_lines": 0, "num_statements": 31, "percent_covered": 0.0, "percent_covered_display": "0", "missing_lines": 31, "excluded_lines": 0, "percent_statements_covered": 0.0, "percent_statements_covered_display": "0"}, "missing_lines": [88, 89, 90, 91, 93, 94, 95, 99, 100, 101, 102, 103, 104, 105, 106, 107, 108, 109, 110, 111, 112, 113, 114, 115, 116, 117, 118, 119, 120, 121, 122], "excluded_lines": []}, "WorkflowTask": {"executed_lines": [], "summary": {"covered_lines": 0, "num_statements": 0, "percent_covered": 100.0, "percent_covered_display": "100", "missing_lines": 0, "excluded_lines": 0, "percent_statements_covered": 100.0, "percent_statements_covered_display": "100"}, "missing_lines": [], "excluded_lines": []}, "WorkflowExecution": {"executed_lines": [], "summary": {"covered_lines": 0, "num_statements": 0, "percent_covered": 100.0, "percent_covered_display": "100", "missing_lines": 0, "excluded_lines": 0, "percent_statements_covered": 100.0, "percent_statements_covered_display": "100"}, "missing_lines": [], "excluded_lines": []}, "RuleEngine": {"executed_lines": [], "summary": {"covered_lines": 0, "num_statements": 20, "percent_covered": 0.0, "percent_covered_display": "0", "missing_lines": 20, "excluded_lines": 0, "percent_statements_covered": 0.0, "percent_statements_covered_display": "0"}, "missing_lines": [158, 159, 168, 169, 170, 171, 172, 176, 177, 178, 179, 183, 184, 187, 193, 194, 195, 196, 198, 202], "excluded_lines": []}, "TaskScheduler": {"executed_lines": [], "summary": {"covered_lines": 0, "num_statements": 44, "percent_covered": 0.0, "percent_covered_display": "0", "missing_lines": 44, "excluded_lines": 0, "percent_statements_covered": 0.0, "percent_statements_covered_display": "0"}, "missing_lines": [215, 216, 217, 218, 219, 223, 224, 225, 229, 230, 231, 232, 233, 234, 235, 247, 248, 256, 260, 261, 262, 263, 265, 266, 267, 269, 270, 273, 274, 275, 277, 279, 280, 281, 282, 283, 287, 288, 289, 292, 293, 295, 296, 298], "excluded_lines": []}, "NotificationRules": {"executed_lines": [], "summary": {"covered_lines": 0, "num_statements": 18, "percent_covered": 0.0, "percent_covered_display": "0", "missing_lines": 18, "excluded_lines": 0, "percent_statements_covered": 0.0, "percent_statements_covered_display": "0"}, "missing_lines": [305, 306, 310, 314, 315, 316, 317, 318, 322, 323, 324, 325, 326, 327, 329, 330, 333, 334], "excluded_lines": []}, "BatchProcessor": {"executed_lines": [], "summary": {"covered_lines": 0, "num_statements": 37, "percent_covered": 0.0, "percent_covered_display": "0", "missing_lines": 37, "excluded_lines": 0, "percent_statements_covered": 0.0, "percent_statements_covered_display": "0"}, "missing_lines": [341, 342, 343, 344, 353, 358, 362, 363, 365, 366, 367, 369, 370, 373, 374, 375, 376, 379, 381, 382, 387, 388, 389, 391, 392, 393, 394, 398, 399, 400, 402, 403, 404, 405, 407, 409, 410], "excluded_lines": []}, "WorkflowEngine": {"executed_lines": [], "summary": {"covered_lines": 0, "num_statements": 90, "percent_covered": 0.0, "percent_covered_display": "0", "missing_lines": 90, "excluded_lines": 0, "percent_statements_covered": 0.0, "percent_statements_covered_display": "0"}, "missing_lines": [421, 422, 423, 424, 425, 428, 429, 430, 431, 434, 435, 444, 449, 464, 467, 481, 484, 499, 502, 514, 518, 521, 528, 535, 542, 546, 547, 551, 552, 564, 565, 567, 569, 574, 577, 584, 597, 600, 601, 604, 605, 606, 609, 610, 611, 618, 619, 620, 622, 631, 633, 634, 635, 636, 638, 639, 647, 648, 649, 651, 652, 653, 654, 656, 657, 658, 659, 660, 662, 663, 665, 669, 670, 674, 675, 679, 680, 681, 685, 686, 687, 688, 692, 693, 696, 697, 698, 702, 712, 718], "excluded_lines": []}, "": {"executed_lines": [1, 12, 13, 14, 15, 16, 17, 18, 19, 21, 22, 25, 28, 29, 30, 31, 32, 33, 34, 35, 38, 39, 40, 41, 42, 43, 44, 45, 46, 49, 50, 51, 52, 53, 54, 55, 56, 57, 58, 59, 62, 63, 64, 65, 66, 67, 68, 69, 70, 71, 72, 75, 76, 77, 78, 79, 80, 81, 82, 83, 84, 86, 97, 125, 126, 127, 128, 129, 130, 131, 132, 133, 134, 135, 136, 137, 138, 141, 142, 143, 144, 145, 146, 147, 148, 149, 150, 151, 154, 155, 157, 166, 174, 181, 200, 211, 212, 214, 221, 227, 237, 258, 285, 301, 302, 304, 308, 312, 320, 337, 338, 340, 351, 360, 396, 413, 414, 420, 446, 516, 544, 549, 645, 672, 683, 690, 700, 710, 732, 735, 740], "summary": {"covered_lines": 111, "num_statements": 115, "percent_covered": 96.52173913043478, "percent_covered_display": "97", "missing_lines": 4, "excluded_lines": 0, "percent_statements_covered": 96.52173913043478, "percent_statements_covered_display": "97"}, "missing_lines": [737, 748, 751, 752], "excluded_lines": []}}}}, "totals": {"covered_lines": 2172, "num_statements": 10801, "percent_covered": 20.109249143597815, "percent_covered_display": "20", "missing_lines": 8629, "excluded_lines": 3, "percent_statements_covered": 20.109249143597815, "percent_statements_covered_display": "20"}}